ARM GAS  C:\Users\LIVEKE~1\AppData\Local\Temp\cc8sEGH9.s 			page 1


   1              		.syntax unified
   2              		.cpu cortex-m0plus
   3              		.fpu softvfp
   4              		.eabi_attribute 20, 1
   5              		.eabi_attribute 21, 1
   6              		.eabi_attribute 23, 3
   7              		.eabi_attribute 24, 1
   8              		.eabi_attribute 25, 1
   9              		.eabi_attribute 26, 1
  10              		.eabi_attribute 30, 1
  11              		.eabi_attribute 34, 0
  12              		.eabi_attribute 18, 4
  13              		.thumb
  14              		.syntax unified
  15              		.file	"main_cm0p.c"
  16              		.text
  17              	.Ltext0:
  18              		.cfi_sections	.debug_frame
  19              		.global	__aeabi_i2f
  20              		.global	__aeabi_f2iz
  21              		.section	.text.main,"ax",%progbits
  22              		.align	2
  23              		.global	main
  24              		.code	16
  25              		.thumb_func
  26              		.type	main, %function
  27              	main:
  28              	.LFB273:
  29              		.file 1 "main_cm0p.c"
   1:main_cm0p.c   **** /* ========================================
   2:main_cm0p.c   ****  *
   3:main_cm0p.c   ****  * Copyright YOUR COMPANY, THE YEAR
   4:main_cm0p.c   ****  * All Rights Reserved
   5:main_cm0p.c   ****  * UNPUBLISHED, LICENSED SOFTWARE.
   6:main_cm0p.c   ****  *
   7:main_cm0p.c   ****  * CONFIDENTIAL AND PROPRIETARY INFORMATION
   8:main_cm0p.c   ****  * WHICH IS THE PROPERTY OF your company.
   9:main_cm0p.c   ****  *
  10:main_cm0p.c   ****  * ========================================
  11:main_cm0p.c   **** */
  12:main_cm0p.c   **** #include "project.h"
  13:main_cm0p.c   **** 
  14:main_cm0p.c   **** int main(void)
  15:main_cm0p.c   **** {
  30              		.loc 1 15 0
  31              		.cfi_startproc
  32              		@ args = 0, pretend = 0, frame = 8
  33              		@ frame_needed = 0, uses_anonymous_args = 0
  34 0000 10B5     		push	{r4, lr}
  35              		.cfi_def_cfa_offset 8
  36              		.cfi_offset 4, -8
  37              		.cfi_offset 14, -4
  38 0002 82B0     		sub	sp, sp, #8
  39              		.cfi_def_cfa_offset 16
  40              	.LBB4:
  41              	.LBB5:
  42              		.file 2 "Generated_Source\\PSoC6\\pdl\\cmsis/include/cmsis_gcc.h"
ARM GAS  C:\Users\LIVEKE~1\AppData\Local\Temp\cc8sEGH9.s 			page 2


   1:Generated_Source\PSoC6\pdl\cmsis/include/cmsis_gcc.h **** /**************************************************************************//**
   2:Generated_Source\PSoC6\pdl\cmsis/include/cmsis_gcc.h ****  * @file     cmsis_gcc.h
   3:Generated_Source\PSoC6\pdl\cmsis/include/cmsis_gcc.h ****  * @brief    CMSIS compiler GCC header file
   4:Generated_Source\PSoC6\pdl\cmsis/include/cmsis_gcc.h ****  * @version  V5.0.1
   5:Generated_Source\PSoC6\pdl\cmsis/include/cmsis_gcc.h ****  * @date     02. February 2017
   6:Generated_Source\PSoC6\pdl\cmsis/include/cmsis_gcc.h ****  ******************************************************************************/
   7:Generated_Source\PSoC6\pdl\cmsis/include/cmsis_gcc.h **** /*
   8:Generated_Source\PSoC6\pdl\cmsis/include/cmsis_gcc.h ****  * Copyright (c) 2009-2017 ARM Limited. All rights reserved.
   9:Generated_Source\PSoC6\pdl\cmsis/include/cmsis_gcc.h ****  *
  10:Generated_Source\PSoC6\pdl\cmsis/include/cmsis_gcc.h ****  * SPDX-License-Identifier: Apache-2.0
  11:Generated_Source\PSoC6\pdl\cmsis/include/cmsis_gcc.h ****  *
  12:Generated_Source\PSoC6\pdl\cmsis/include/cmsis_gcc.h ****  * Licensed under the Apache License, Version 2.0 (the License); you may
  13:Generated_Source\PSoC6\pdl\cmsis/include/cmsis_gcc.h ****  * not use this file except in compliance with the License.
  14:Generated_Source\PSoC6\pdl\cmsis/include/cmsis_gcc.h ****  * You may obtain a copy of the License at
  15:Generated_Source\PSoC6\pdl\cmsis/include/cmsis_gcc.h ****  *
  16:Generated_Source\PSoC6\pdl\cmsis/include/cmsis_gcc.h ****  * www.apache.org/licenses/LICENSE-2.0
  17:Generated_Source\PSoC6\pdl\cmsis/include/cmsis_gcc.h ****  *
  18:Generated_Source\PSoC6\pdl\cmsis/include/cmsis_gcc.h ****  * Unless required by applicable law or agreed to in writing, software
  19:Generated_Source\PSoC6\pdl\cmsis/include/cmsis_gcc.h ****  * distributed under the License is distributed on an AS IS BASIS, WITHOUT
  20:Generated_Source\PSoC6\pdl\cmsis/include/cmsis_gcc.h ****  * WARRANTIES OR CONDITIONS OF ANY KIND, either express or implied.
  21:Generated_Source\PSoC6\pdl\cmsis/include/cmsis_gcc.h ****  * See the License for the specific language governing permissions and
  22:Generated_Source\PSoC6\pdl\cmsis/include/cmsis_gcc.h ****  * limitations under the License.
  23:Generated_Source\PSoC6\pdl\cmsis/include/cmsis_gcc.h ****  */
  24:Generated_Source\PSoC6\pdl\cmsis/include/cmsis_gcc.h **** 
  25:Generated_Source\PSoC6\pdl\cmsis/include/cmsis_gcc.h **** #ifndef __CMSIS_GCC_H
  26:Generated_Source\PSoC6\pdl\cmsis/include/cmsis_gcc.h **** #define __CMSIS_GCC_H
  27:Generated_Source\PSoC6\pdl\cmsis/include/cmsis_gcc.h **** 
  28:Generated_Source\PSoC6\pdl\cmsis/include/cmsis_gcc.h **** /* ignore some GCC warnings */
  29:Generated_Source\PSoC6\pdl\cmsis/include/cmsis_gcc.h **** #pragma GCC diagnostic push
  30:Generated_Source\PSoC6\pdl\cmsis/include/cmsis_gcc.h **** #pragma GCC diagnostic ignored "-Wsign-conversion"
  31:Generated_Source\PSoC6\pdl\cmsis/include/cmsis_gcc.h **** #pragma GCC diagnostic ignored "-Wconversion"
  32:Generated_Source\PSoC6\pdl\cmsis/include/cmsis_gcc.h **** #pragma GCC diagnostic ignored "-Wunused-parameter"
  33:Generated_Source\PSoC6\pdl\cmsis/include/cmsis_gcc.h **** 
  34:Generated_Source\PSoC6\pdl\cmsis/include/cmsis_gcc.h **** /* CMSIS compiler specific defines */
  35:Generated_Source\PSoC6\pdl\cmsis/include/cmsis_gcc.h **** #ifndef   __ASM
  36:Generated_Source\PSoC6\pdl\cmsis/include/cmsis_gcc.h ****   #define __ASM                     __asm
  37:Generated_Source\PSoC6\pdl\cmsis/include/cmsis_gcc.h **** #endif
  38:Generated_Source\PSoC6\pdl\cmsis/include/cmsis_gcc.h **** #ifndef   __INLINE
  39:Generated_Source\PSoC6\pdl\cmsis/include/cmsis_gcc.h ****   #define __INLINE                  inline
  40:Generated_Source\PSoC6\pdl\cmsis/include/cmsis_gcc.h **** #endif
  41:Generated_Source\PSoC6\pdl\cmsis/include/cmsis_gcc.h **** #ifndef   __STATIC_INLINE
  42:Generated_Source\PSoC6\pdl\cmsis/include/cmsis_gcc.h ****   #define __STATIC_INLINE           static inline
  43:Generated_Source\PSoC6\pdl\cmsis/include/cmsis_gcc.h **** #endif
  44:Generated_Source\PSoC6\pdl\cmsis/include/cmsis_gcc.h **** #ifndef   __NO_RETURN
  45:Generated_Source\PSoC6\pdl\cmsis/include/cmsis_gcc.h ****   #define __NO_RETURN               __attribute__((noreturn))
  46:Generated_Source\PSoC6\pdl\cmsis/include/cmsis_gcc.h **** #endif
  47:Generated_Source\PSoC6\pdl\cmsis/include/cmsis_gcc.h **** #ifndef   __USED
  48:Generated_Source\PSoC6\pdl\cmsis/include/cmsis_gcc.h ****   #define __USED                    __attribute__((used))
  49:Generated_Source\PSoC6\pdl\cmsis/include/cmsis_gcc.h **** #endif
  50:Generated_Source\PSoC6\pdl\cmsis/include/cmsis_gcc.h **** #ifndef   __WEAK
  51:Generated_Source\PSoC6\pdl\cmsis/include/cmsis_gcc.h ****   #define __WEAK                    __attribute__((weak))
  52:Generated_Source\PSoC6\pdl\cmsis/include/cmsis_gcc.h **** #endif
  53:Generated_Source\PSoC6\pdl\cmsis/include/cmsis_gcc.h **** #ifndef   __UNALIGNED_UINT32
  54:Generated_Source\PSoC6\pdl\cmsis/include/cmsis_gcc.h **** #pragma GCC diagnostic push
  55:Generated_Source\PSoC6\pdl\cmsis/include/cmsis_gcc.h **** #pragma GCC diagnostic ignored "-Wpacked"
  56:Generated_Source\PSoC6\pdl\cmsis/include/cmsis_gcc.h **** #pragma GCC diagnostic ignored "-Wattributes"
  57:Generated_Source\PSoC6\pdl\cmsis/include/cmsis_gcc.h ****   struct __attribute__((packed)) T_UINT32 { uint32_t v; };
ARM GAS  C:\Users\LIVEKE~1\AppData\Local\Temp\cc8sEGH9.s 			page 3


  58:Generated_Source\PSoC6\pdl\cmsis/include/cmsis_gcc.h **** #pragma GCC diagnostic pop
  59:Generated_Source\PSoC6\pdl\cmsis/include/cmsis_gcc.h ****   #define __UNALIGNED_UINT32(x)     (((struct T_UINT32 *)(x))->v)
  60:Generated_Source\PSoC6\pdl\cmsis/include/cmsis_gcc.h **** #endif
  61:Generated_Source\PSoC6\pdl\cmsis/include/cmsis_gcc.h **** #ifndef   __ALIGNED
  62:Generated_Source\PSoC6\pdl\cmsis/include/cmsis_gcc.h ****   #define __ALIGNED(x)              __attribute__((aligned(x)))
  63:Generated_Source\PSoC6\pdl\cmsis/include/cmsis_gcc.h **** #endif
  64:Generated_Source\PSoC6\pdl\cmsis/include/cmsis_gcc.h **** #ifndef   __PACKED
  65:Generated_Source\PSoC6\pdl\cmsis/include/cmsis_gcc.h ****   #define __PACKED                  __attribute__((packed, aligned(1)))
  66:Generated_Source\PSoC6\pdl\cmsis/include/cmsis_gcc.h **** #endif
  67:Generated_Source\PSoC6\pdl\cmsis/include/cmsis_gcc.h **** #ifndef   __PACKED_STRUCT
  68:Generated_Source\PSoC6\pdl\cmsis/include/cmsis_gcc.h ****   #define __PACKED_STRUCT           struct __attribute__((packed, aligned(1)))
  69:Generated_Source\PSoC6\pdl\cmsis/include/cmsis_gcc.h **** #endif
  70:Generated_Source\PSoC6\pdl\cmsis/include/cmsis_gcc.h **** 
  71:Generated_Source\PSoC6\pdl\cmsis/include/cmsis_gcc.h **** 
  72:Generated_Source\PSoC6\pdl\cmsis/include/cmsis_gcc.h **** /* ###########################  Core Function Access  ########################### */
  73:Generated_Source\PSoC6\pdl\cmsis/include/cmsis_gcc.h **** /** \ingroup  CMSIS_Core_FunctionInterface
  74:Generated_Source\PSoC6\pdl\cmsis/include/cmsis_gcc.h ****     \defgroup CMSIS_Core_RegAccFunctions CMSIS Core Register Access Functions
  75:Generated_Source\PSoC6\pdl\cmsis/include/cmsis_gcc.h ****   @{
  76:Generated_Source\PSoC6\pdl\cmsis/include/cmsis_gcc.h ****  */
  77:Generated_Source\PSoC6\pdl\cmsis/include/cmsis_gcc.h **** 
  78:Generated_Source\PSoC6\pdl\cmsis/include/cmsis_gcc.h **** /**
  79:Generated_Source\PSoC6\pdl\cmsis/include/cmsis_gcc.h ****   \brief   Enable IRQ Interrupts
  80:Generated_Source\PSoC6\pdl\cmsis/include/cmsis_gcc.h ****   \details Enables IRQ interrupts by clearing the I-bit in the CPSR.
  81:Generated_Source\PSoC6\pdl\cmsis/include/cmsis_gcc.h ****            Can only be executed in Privileged modes.
  82:Generated_Source\PSoC6\pdl\cmsis/include/cmsis_gcc.h ****  */
  83:Generated_Source\PSoC6\pdl\cmsis/include/cmsis_gcc.h **** __attribute__((always_inline)) __STATIC_INLINE void __enable_irq(void)
  84:Generated_Source\PSoC6\pdl\cmsis/include/cmsis_gcc.h **** {
  85:Generated_Source\PSoC6\pdl\cmsis/include/cmsis_gcc.h ****   __ASM volatile ("cpsie i" : : : "memory");
  43              		.loc 2 85 0
  44              		.syntax divided
  45              	@ 85 "Generated_Source\PSoC6\pdl\cmsis/include/cmsis_gcc.h" 1
  46 0004 62B6     		cpsie i
  47              	@ 0 "" 2
  48              		.thumb
  49              		.syntax unified
  50              	.LBE5:
  51              	.LBE4:
  16:main_cm0p.c   ****     __enable_irq(); /* Enable global interrupts. */
  17:main_cm0p.c   ****     /* Enable CM4.  CY_CORTEX_M4_APPL_ADDR must be updated if CM4 memory layout is changed. */
  18:main_cm0p.c   ****     Cy_SysEnableCM4(CY_CORTEX_M4_APPL_ADDR); 
  52              		.loc 1 18 0
  53 0006 1048     		ldr	r0, .L3
  54 0008 FFF7FEFF 		bl	Cy_SysEnableCM4
  55              	.LVL0:
  19:main_cm0p.c   **** 
  20:main_cm0p.c   ****     /* Place your initialization/startup code here (e.g. MyInst_Start()) */
  21:main_cm0p.c   ****     
  22:main_cm0p.c   ****     ADC_Start();
  56              		.loc 1 22 0
  57 000c FFF7FEFF 		bl	ADC_Start
  58              	.LVL1:
  23:main_cm0p.c   ****     
  24:main_cm0p.c   ****     Cy_SAR_StartConvert(SAR,CY_SAR_START_CONVERT_SINGLE_SHOT);
  59              		.loc 1 24 0
  60 0010 0E4C     		ldr	r4, .L3+4
  61 0012 0021     		movs	r1, #0
  62 0014 2000     		movs	r0, r4
ARM GAS  C:\Users\LIVEKE~1\AppData\Local\Temp\cc8sEGH9.s 			page 4


  63 0016 FFF7FEFF 		bl	Cy_SAR_StartConvert
  64              	.LVL2:
  25:main_cm0p.c   ****     volatile float value = Cy_SAR_GetResult16(SAR,0);
  65              		.loc 1 25 0
  66 001a 0021     		movs	r1, #0
  67 001c 2000     		movs	r0, r4
  68 001e FFF7FEFF 		bl	Cy_SAR_GetResult16
  69              	.LVL3:
  70 0022 FFF7FEFF 		bl	__aeabi_i2f
  71              	.LVL4:
  72 0026 0190     		str	r0, [sp, #4]
  26:main_cm0p.c   ****     volatile float volts = Cy_SAR_CountsTo_mVolts(SAR,0,value);
  73              		.loc 1 26 0
  74 0028 0198     		ldr	r0, [sp, #4]
  75 002a FFF7FEFF 		bl	__aeabi_f2iz
  76              	.LVL5:
  77 002e 02B2     		sxth	r2, r0
  78 0030 0021     		movs	r1, #0
  79 0032 2000     		movs	r0, r4
  80 0034 FFF7FEFF 		bl	Cy_SAR_CountsTo_mVolts
  81              	.LVL6:
  82 0038 FFF7FEFF 		bl	__aeabi_i2f
  83              	.LVL7:
  84 003c 0090     		str	r0, [sp]
  27:main_cm0p.c   ****     
  28:main_cm0p.c   ****     CyDelay(100);
  85              		.loc 1 28 0
  86 003e 6420     		movs	r0, #100
  87 0040 FFF7FEFF 		bl	Cy_SysLib_Delay
  88              	.LVL8:
  89              	.L2:
  90 0044 FEE7     		b	.L2
  91              	.L4:
  92 0046 C046     		.align	2
  93              	.L3:
  94 0048 00000810 		.word	268959744
  95 004c 00001D41 		.word	1092419584
  96              		.cfi_endproc
  97              	.LFE273:
  98              		.size	main, .-main
  99              		.text
 100              	.Letext0:
 101              		.file 3 "c:\\program files (x86)\\cypress\\psoc creator\\4.2\\psoc creator\\import\\gnu\\arm\\5.4.
 102              		.file 4 "c:\\program files (x86)\\cypress\\psoc creator\\4.2\\psoc creator\\import\\gnu\\arm\\5.4.
 103              		.file 5 "Generated_Source\\PSoC6\\pdl\\devices/psoc6/ip/cyip_sar.h"
 104              		.file 6 "Generated_Source\\PSoC6\\pdl\\drivers/peripheral/sar/cy_sar.h"
 105              		.file 7 "Generated_Source\\PSoC6/ADC.h"
 106              		.file 8 "./system_psoc62.h"
 107              		.file 9 "Generated_Source\\PSoC6\\pdl\\drivers/peripheral/syslib/cy_syslib.h"
 108              		.section	.debug_info,"",%progbits
 109              	.Ldebug_info0:
 110 0000 23070000 		.4byte	0x723
 111 0004 0400     		.2byte	0x4
 112 0006 00000000 		.4byte	.Ldebug_abbrev0
 113 000a 04       		.byte	0x4
 114 000b 01       		.uleb128 0x1
 115 000c FA000000 		.4byte	.LASF107
ARM GAS  C:\Users\LIVEKE~1\AppData\Local\Temp\cc8sEGH9.s 			page 5


 116 0010 0C       		.byte	0xc
 117 0011 94000000 		.4byte	.LASF108
 118 0015 A7010000 		.4byte	.LASF109
 119 0019 00000000 		.4byte	.Ldebug_ranges0+0
 120 001d 00000000 		.4byte	0
 121 0021 00000000 		.4byte	.Ldebug_line0
 122 0025 02       		.uleb128 0x2
 123 0026 02       		.byte	0x2
 124 0027 05       		.byte	0x5
 125 0028 A0000000 		.4byte	.LASF0
 126 002c 02       		.uleb128 0x2
 127 002d 01       		.byte	0x1
 128 002e 08       		.byte	0x8
 129 002f 8D030000 		.4byte	.LASF1
 130 0033 02       		.uleb128 0x2
 131 0034 01       		.byte	0x1
 132 0035 06       		.byte	0x6
 133 0036 CC030000 		.4byte	.LASF2
 134 003a 02       		.uleb128 0x2
 135 003b 02       		.byte	0x2
 136 003c 07       		.byte	0x7
 137 003d 31040000 		.4byte	.LASF3
 138 0041 02       		.uleb128 0x2
 139 0042 04       		.byte	0x4
 140 0043 05       		.byte	0x5
 141 0044 1A030000 		.4byte	.LASF4
 142 0048 03       		.uleb128 0x3
 143 0049 9C010000 		.4byte	.LASF9
 144 004d 03       		.byte	0x3
 145 004e 41       		.byte	0x41
 146 004f 53000000 		.4byte	0x53
 147 0053 02       		.uleb128 0x2
 148 0054 04       		.byte	0x4
 149 0055 07       		.byte	0x7
 150 0056 42050000 		.4byte	.LASF5
 151 005a 02       		.uleb128 0x2
 152 005b 08       		.byte	0x8
 153 005c 05       		.byte	0x5
 154 005d F3020000 		.4byte	.LASF6
 155 0061 02       		.uleb128 0x2
 156 0062 08       		.byte	0x8
 157 0063 07       		.byte	0x7
 158 0064 E1030000 		.4byte	.LASF7
 159 0068 04       		.uleb128 0x4
 160 0069 04       		.byte	0x4
 161 006a 05       		.byte	0x5
 162 006b 696E7400 		.ascii	"int\000"
 163 006f 02       		.uleb128 0x2
 164 0070 04       		.byte	0x4
 165 0071 07       		.byte	0x7
 166 0072 3B060000 		.4byte	.LASF8
 167 0076 03       		.uleb128 0x3
 168 0077 F8030000 		.4byte	.LASF10
 169 007b 04       		.byte	0x4
 170 007c 30       		.byte	0x30
 171 007d 48000000 		.4byte	0x48
 172 0081 02       		.uleb128 0x2
ARM GAS  C:\Users\LIVEKE~1\AppData\Local\Temp\cc8sEGH9.s 			page 6


 173 0082 04       		.byte	0x4
 174 0083 07       		.byte	0x7
 175 0084 BA000000 		.4byte	.LASF11
 176 0088 05       		.uleb128 0x5
 177 0089 76000000 		.4byte	0x76
 178 008d 06       		.uleb128 0x6
 179 008e 88000000 		.4byte	0x88
 180 0092 07       		.uleb128 0x7
 181 0093 8D000000 		.4byte	0x8d
 182 0097 A2000000 		.4byte	0xa2
 183 009b 08       		.uleb128 0x8
 184 009c 81000000 		.4byte	0x81
 185 00a0 01       		.byte	0x1
 186 00a1 00       		.byte	0
 187 00a2 07       		.uleb128 0x7
 188 00a3 88000000 		.4byte	0x88
 189 00a7 B2000000 		.4byte	0xb2
 190 00ab 08       		.uleb128 0x8
 191 00ac 81000000 		.4byte	0x81
 192 00b0 0F       		.byte	0xf
 193 00b1 00       		.byte	0
 194 00b2 07       		.uleb128 0x7
 195 00b3 8D000000 		.4byte	0x8d
 196 00b7 C2000000 		.4byte	0xc2
 197 00bb 08       		.uleb128 0x8
 198 00bc 81000000 		.4byte	0x81
 199 00c0 02       		.byte	0x2
 200 00c1 00       		.byte	0
 201 00c2 07       		.uleb128 0x7
 202 00c3 8D000000 		.4byte	0x8d
 203 00c7 D2000000 		.4byte	0xd2
 204 00cb 08       		.uleb128 0x8
 205 00cc 81000000 		.4byte	0x81
 206 00d0 0F       		.byte	0xf
 207 00d1 00       		.byte	0
 208 00d2 07       		.uleb128 0x7
 209 00d3 8D000000 		.4byte	0x8d
 210 00d7 E2000000 		.4byte	0xe2
 211 00db 08       		.uleb128 0x8
 212 00dc 81000000 		.4byte	0x81
 213 00e0 0E       		.byte	0xe
 214 00e1 00       		.byte	0
 215 00e2 09       		.uleb128 0x9
 216 00e3 080F     		.2byte	0xf08
 217 00e5 05       		.byte	0x5
 218 00e6 21       		.byte	0x21
 219 00e7 6A030000 		.4byte	0x36a
 220 00eb 0A       		.uleb128 0xa
 221 00ec BC030000 		.4byte	.LASF12
 222 00f0 05       		.byte	0x5
 223 00f1 22       		.byte	0x22
 224 00f2 88000000 		.4byte	0x88
 225 00f6 00       		.byte	0
 226 00f7 0A       		.uleb128 0xa
 227 00f8 18060000 		.4byte	.LASF13
 228 00fc 05       		.byte	0x5
 229 00fd 23       		.byte	0x23
ARM GAS  C:\Users\LIVEKE~1\AppData\Local\Temp\cc8sEGH9.s 			page 7


 230 00fe 88000000 		.4byte	0x88
 231 0102 04       		.byte	0x4
 232 0103 0A       		.uleb128 0xa
 233 0104 0F060000 		.4byte	.LASF14
 234 0108 05       		.byte	0x5
 235 0109 24       		.byte	0x24
 236 010a 6F030000 		.4byte	0x36f
 237 010e 08       		.byte	0x8
 238 010f 0A       		.uleb128 0xa
 239 0110 3B000000 		.4byte	.LASF15
 240 0114 05       		.byte	0x5
 241 0115 25       		.byte	0x25
 242 0116 88000000 		.4byte	0x88
 243 011a 10       		.byte	0x10
 244 011b 0A       		.uleb128 0xa
 245 011c C3000000 		.4byte	.LASF16
 246 0120 05       		.byte	0x5
 247 0121 26       		.byte	0x26
 248 0122 88000000 		.4byte	0x88
 249 0126 14       		.byte	0x14
 250 0127 0A       		.uleb128 0xa
 251 0128 88020000 		.4byte	.LASF17
 252 012c 05       		.byte	0x5
 253 012d 27       		.byte	0x27
 254 012e 88000000 		.4byte	0x88
 255 0132 18       		.byte	0x18
 256 0133 0A       		.uleb128 0xa
 257 0134 B1030000 		.4byte	.LASF18
 258 0138 05       		.byte	0x5
 259 0139 28       		.byte	0x28
 260 013a 88000000 		.4byte	0x88
 261 013e 1C       		.byte	0x1c
 262 013f 0A       		.uleb128 0xa
 263 0140 01030000 		.4byte	.LASF19
 264 0144 05       		.byte	0x5
 265 0145 29       		.byte	0x29
 266 0146 88000000 		.4byte	0x88
 267 014a 20       		.byte	0x20
 268 014b 0A       		.uleb128 0xa
 269 014c 9B030000 		.4byte	.LASF20
 270 0150 05       		.byte	0x5
 271 0151 2A       		.byte	0x2a
 272 0152 88000000 		.4byte	0x88
 273 0156 24       		.byte	0x24
 274 0157 0A       		.uleb128 0xa
 275 0158 10050000 		.4byte	.LASF21
 276 015c 05       		.byte	0x5
 277 015d 2B       		.byte	0x2b
 278 015e 89030000 		.4byte	0x389
 279 0162 28       		.byte	0x28
 280 0163 0A       		.uleb128 0xa
 281 0164 5C030000 		.4byte	.LASF22
 282 0168 05       		.byte	0x5
 283 0169 2C       		.byte	0x2c
 284 016a 8E030000 		.4byte	0x38e
 285 016e 80       		.byte	0x80
 286 016f 0A       		.uleb128 0xa
ARM GAS  C:\Users\LIVEKE~1\AppData\Local\Temp\cc8sEGH9.s 			page 8


 287 0170 1A050000 		.4byte	.LASF23
 288 0174 05       		.byte	0x5
 289 0175 2D       		.byte	0x2d
 290 0176 98030000 		.4byte	0x398
 291 017a C0       		.byte	0xc0
 292 017b 0B       		.uleb128 0xb
 293 017c DA010000 		.4byte	.LASF24
 294 0180 05       		.byte	0x5
 295 0181 2E       		.byte	0x2e
 296 0182 A2030000 		.4byte	0x3a2
 297 0186 0001     		.2byte	0x100
 298 0188 0B       		.uleb128 0xb
 299 0189 24050000 		.4byte	.LASF25
 300 018d 05       		.byte	0x5
 301 018e 2F       		.byte	0x2f
 302 018f AC030000 		.4byte	0x3ac
 303 0193 4001     		.2byte	0x140
 304 0195 0B       		.uleb128 0xb
 305 0196 0A020000 		.4byte	.LASF26
 306 019a 05       		.byte	0x5
 307 019b 30       		.byte	0x30
 308 019c B6030000 		.4byte	0x3b6
 309 01a0 8001     		.2byte	0x180
 310 01a2 0B       		.uleb128 0xb
 311 01a3 2E050000 		.4byte	.LASF27
 312 01a7 05       		.byte	0x5
 313 01a8 31       		.byte	0x31
 314 01a9 C0030000 		.4byte	0x3c0
 315 01ad C001     		.2byte	0x1c0
 316 01af 0B       		.uleb128 0xb
 317 01b0 FE040000 		.4byte	.LASF28
 318 01b4 05       		.byte	0x5
 319 01b5 32       		.byte	0x32
 320 01b6 8D000000 		.4byte	0x8d
 321 01ba 0002     		.2byte	0x200
 322 01bc 0B       		.uleb128 0xb
 323 01bd 37020000 		.4byte	.LASF29
 324 01c1 05       		.byte	0x5
 325 01c2 33       		.byte	0x33
 326 01c3 8D000000 		.4byte	0x8d
 327 01c7 0402     		.2byte	0x204
 328 01c9 0B       		.uleb128 0xb
 329 01ca 49030000 		.4byte	.LASF30
 330 01ce 05       		.byte	0x5
 331 01cf 34       		.byte	0x34
 332 01d0 8D000000 		.4byte	0x8d
 333 01d4 0802     		.2byte	0x208
 334 01d6 0B       		.uleb128 0xb
 335 01d7 0C000000 		.4byte	.LASF31
 336 01db 05       		.byte	0x5
 337 01dc 35       		.byte	0x35
 338 01dd 8D000000 		.4byte	0x8d
 339 01e1 0C02     		.2byte	0x20c
 340 01e3 0B       		.uleb128 0xb
 341 01e4 F9040000 		.4byte	.LASF32
 342 01e8 05       		.byte	0x5
 343 01e9 36       		.byte	0x36
ARM GAS  C:\Users\LIVEKE~1\AppData\Local\Temp\cc8sEGH9.s 			page 9


 344 01ea 88000000 		.4byte	0x88
 345 01ee 1002     		.2byte	0x210
 346 01f0 0B       		.uleb128 0xb
 347 01f1 D8030000 		.4byte	.LASF33
 348 01f5 05       		.byte	0x5
 349 01f6 37       		.byte	0x37
 350 01f7 88000000 		.4byte	0x88
 351 01fb 1402     		.2byte	0x214
 352 01fd 0B       		.uleb128 0xb
 353 01fe 31060000 		.4byte	.LASF34
 354 0202 05       		.byte	0x5
 355 0203 38       		.byte	0x38
 356 0204 88000000 		.4byte	0x88
 357 0208 1802     		.2byte	0x218
 358 020a 0B       		.uleb128 0xb
 359 020b 75030000 		.4byte	.LASF35
 360 020f 05       		.byte	0x5
 361 0210 39       		.byte	0x39
 362 0211 8D000000 		.4byte	0x8d
 363 0215 1C02     		.2byte	0x21c
 364 0217 0B       		.uleb128 0xb
 365 0218 01060000 		.4byte	.LASF36
 366 021c 05       		.byte	0x5
 367 021d 3A       		.byte	0x3a
 368 021e 88000000 		.4byte	0x88
 369 0222 2002     		.2byte	0x220
 370 0224 0B       		.uleb128 0xb
 371 0225 A2040000 		.4byte	.LASF37
 372 0229 05       		.byte	0x5
 373 022a 3B       		.byte	0x3b
 374 022b 88000000 		.4byte	0x88
 375 022f 2402     		.2byte	0x224
 376 0231 0B       		.uleb128 0xb
 377 0232 B4040000 		.4byte	.LASF38
 378 0236 05       		.byte	0x5
 379 0237 3C       		.byte	0x3c
 380 0238 88000000 		.4byte	0x88
 381 023c 2802     		.2byte	0x228
 382 023e 0B       		.uleb128 0xb
 383 023f 48060000 		.4byte	.LASF39
 384 0243 05       		.byte	0x5
 385 0244 3D       		.byte	0x3d
 386 0245 8D000000 		.4byte	0x8d
 387 0249 2C02     		.2byte	0x22c
 388 024b 0B       		.uleb128 0xb
 389 024c AB050000 		.4byte	.LASF40
 390 0250 05       		.byte	0x5
 391 0251 3E       		.byte	0x3e
 392 0252 88000000 		.4byte	0x88
 393 0256 3002     		.2byte	0x230
 394 0258 0B       		.uleb128 0xb
 395 0259 94020000 		.4byte	.LASF41
 396 025d 05       		.byte	0x5
 397 025e 3F       		.byte	0x3f
 398 025f 88000000 		.4byte	0x88
 399 0263 3402     		.2byte	0x234
 400 0265 0B       		.uleb128 0xb
ARM GAS  C:\Users\LIVEKE~1\AppData\Local\Temp\cc8sEGH9.s 			page 10


 401 0266 AA000000 		.4byte	.LASF42
 402 026a 05       		.byte	0x5
 403 026b 40       		.byte	0x40
 404 026c 88000000 		.4byte	0x88
 405 0270 3802     		.2byte	0x238
 406 0272 0B       		.uleb128 0xb
 407 0273 1F040000 		.4byte	.LASF43
 408 0277 05       		.byte	0x5
 409 0278 41       		.byte	0x41
 410 0279 8D000000 		.4byte	0x8d
 411 027d 3C02     		.2byte	0x23c
 412 027f 0B       		.uleb128 0xb
 413 0280 C1030000 		.4byte	.LASF44
 414 0284 05       		.byte	0x5
 415 0285 42       		.byte	0x42
 416 0286 8D000000 		.4byte	0x8d
 417 028a 4002     		.2byte	0x240
 418 028c 0B       		.uleb128 0xb
 419 028d 38050000 		.4byte	.LASF45
 420 0291 05       		.byte	0x5
 421 0292 43       		.byte	0x43
 422 0293 CA030000 		.4byte	0x3ca
 423 0297 4402     		.2byte	0x244
 424 0299 0B       		.uleb128 0xb
 425 029a 78020000 		.4byte	.LASF46
 426 029e 05       		.byte	0x5
 427 029f 44       		.byte	0x44
 428 02a0 88000000 		.4byte	0x88
 429 02a4 8002     		.2byte	0x280
 430 02a6 0B       		.uleb128 0xb
 431 02a7 4B020000 		.4byte	.LASF47
 432 02ab 05       		.byte	0x5
 433 02ac 45       		.byte	0x45
 434 02ad D4030000 		.4byte	0x3d4
 435 02b1 8402     		.2byte	0x284
 436 02b3 0B       		.uleb128 0xb
 437 02b4 5E050000 		.4byte	.LASF48
 438 02b8 05       		.byte	0x5
 439 02b9 46       		.byte	0x46
 440 02ba 8D000000 		.4byte	0x8d
 441 02be 9002     		.2byte	0x290
 442 02c0 0B       		.uleb128 0xb
 443 02c1 54050000 		.4byte	.LASF49
 444 02c5 05       		.byte	0x5
 445 02c6 47       		.byte	0x47
 446 02c7 DE030000 		.4byte	0x3de
 447 02cb 9402     		.2byte	0x294
 448 02cd 0B       		.uleb128 0xb
 449 02ce 09030000 		.4byte	.LASF50
 450 02d2 05       		.byte	0x5
 451 02d3 48       		.byte	0x48
 452 02d4 8D000000 		.4byte	0x8d
 453 02d8 A002     		.2byte	0x2a0
 454 02da 0B       		.uleb128 0xb
 455 02db 5D060000 		.4byte	.LASF51
 456 02df 05       		.byte	0x5
 457 02e0 49       		.byte	0x49
ARM GAS  C:\Users\LIVEKE~1\AppData\Local\Temp\cc8sEGH9.s 			page 11


 458 02e1 8D000000 		.4byte	0x8d
 459 02e5 A402     		.2byte	0x2a4
 460 02e7 0B       		.uleb128 0xb
 461 02e8 64020000 		.4byte	.LASF52
 462 02ec 05       		.byte	0x5
 463 02ed 4A       		.byte	0x4a
 464 02ee E8030000 		.4byte	0x3e8
 465 02f2 A802     		.2byte	0x2a8
 466 02f4 0B       		.uleb128 0xb
 467 02f5 8D050000 		.4byte	.LASF53
 468 02f9 05       		.byte	0x5
 469 02fa 4B       		.byte	0x4b
 470 02fb 88000000 		.4byte	0x88
 471 02ff 0003     		.2byte	0x300
 472 0301 0B       		.uleb128 0xb
 473 0302 B1020000 		.4byte	.LASF54
 474 0306 05       		.byte	0x5
 475 0307 4C       		.byte	0x4c
 476 0308 88000000 		.4byte	0x88
 477 030c 0403     		.2byte	0x304
 478 030e 0B       		.uleb128 0xb
 479 030f 6E020000 		.4byte	.LASF55
 480 0313 05       		.byte	0x5
 481 0314 4D       		.byte	0x4d
 482 0315 02040000 		.4byte	0x402
 483 0319 0803     		.2byte	0x308
 484 031b 0B       		.uleb128 0xb
 485 031c 55000000 		.4byte	.LASF56
 486 0320 05       		.byte	0x5
 487 0321 4E       		.byte	0x4e
 488 0322 88000000 		.4byte	0x88
 489 0326 4003     		.2byte	0x340
 490 0328 0B       		.uleb128 0xb
 491 0329 68040000 		.4byte	.LASF57
 492 032d 05       		.byte	0x5
 493 032e 4F       		.byte	0x4f
 494 032f 88000000 		.4byte	0x88
 495 0333 4403     		.2byte	0x344
 496 0335 0B       		.uleb128 0xb
 497 0336 99050000 		.4byte	.LASF58
 498 033a 05       		.byte	0x5
 499 033b 50       		.byte	0x50
 500 033c 8D000000 		.4byte	0x8d
 501 0340 4803     		.2byte	0x348
 502 0342 0B       		.uleb128 0xb
 503 0343 A6030000 		.4byte	.LASF59
 504 0347 05       		.byte	0x5
 505 0348 51       		.byte	0x51
 506 0349 1D040000 		.4byte	0x41d
 507 034d 4C03     		.2byte	0x34c
 508 034f 0B       		.uleb128 0xb
 509 0350 35030000 		.4byte	.LASF60
 510 0354 05       		.byte	0x5
 511 0355 52       		.byte	0x52
 512 0356 88000000 		.4byte	0x88
 513 035a 000F     		.2byte	0xf00
 514 035c 0B       		.uleb128 0xb
ARM GAS  C:\Users\LIVEKE~1\AppData\Local\Temp\cc8sEGH9.s 			page 12


 515 035d 3F030000 		.4byte	.LASF61
 516 0361 05       		.byte	0x5
 517 0362 53       		.byte	0x53
 518 0363 88000000 		.4byte	0x88
 519 0367 040F     		.2byte	0xf04
 520 0369 00       		.byte	0
 521 036a 05       		.uleb128 0x5
 522 036b 92000000 		.4byte	0x92
 523 036f 06       		.uleb128 0x6
 524 0370 6A030000 		.4byte	0x36a
 525 0374 07       		.uleb128 0x7
 526 0375 8D000000 		.4byte	0x8d
 527 0379 84030000 		.4byte	0x384
 528 037d 08       		.uleb128 0x8
 529 037e 81000000 		.4byte	0x81
 530 0382 15       		.byte	0x15
 531 0383 00       		.byte	0
 532 0384 05       		.uleb128 0x5
 533 0385 74030000 		.4byte	0x374
 534 0389 06       		.uleb128 0x6
 535 038a 84030000 		.4byte	0x384
 536 038e 05       		.uleb128 0x5
 537 038f A2000000 		.4byte	0xa2
 538 0393 05       		.uleb128 0x5
 539 0394 C2000000 		.4byte	0xc2
 540 0398 06       		.uleb128 0x6
 541 0399 93030000 		.4byte	0x393
 542 039d 05       		.uleb128 0x5
 543 039e C2000000 		.4byte	0xc2
 544 03a2 06       		.uleb128 0x6
 545 03a3 9D030000 		.4byte	0x39d
 546 03a7 05       		.uleb128 0x5
 547 03a8 C2000000 		.4byte	0xc2
 548 03ac 06       		.uleb128 0x6
 549 03ad A7030000 		.4byte	0x3a7
 550 03b1 05       		.uleb128 0x5
 551 03b2 C2000000 		.4byte	0xc2
 552 03b6 06       		.uleb128 0x6
 553 03b7 B1030000 		.4byte	0x3b1
 554 03bb 05       		.uleb128 0x5
 555 03bc C2000000 		.4byte	0xc2
 556 03c0 06       		.uleb128 0x6
 557 03c1 BB030000 		.4byte	0x3bb
 558 03c5 05       		.uleb128 0x5
 559 03c6 D2000000 		.4byte	0xd2
 560 03ca 06       		.uleb128 0x6
 561 03cb C5030000 		.4byte	0x3c5
 562 03cf 05       		.uleb128 0x5
 563 03d0 B2000000 		.4byte	0xb2
 564 03d4 06       		.uleb128 0x6
 565 03d5 CF030000 		.4byte	0x3cf
 566 03d9 05       		.uleb128 0x5
 567 03da B2000000 		.4byte	0xb2
 568 03de 06       		.uleb128 0x6
 569 03df D9030000 		.4byte	0x3d9
 570 03e3 05       		.uleb128 0x5
 571 03e4 74030000 		.4byte	0x374
ARM GAS  C:\Users\LIVEKE~1\AppData\Local\Temp\cc8sEGH9.s 			page 13


 572 03e8 06       		.uleb128 0x6
 573 03e9 E3030000 		.4byte	0x3e3
 574 03ed 07       		.uleb128 0x7
 575 03ee 8D000000 		.4byte	0x8d
 576 03f2 FD030000 		.4byte	0x3fd
 577 03f6 08       		.uleb128 0x8
 578 03f7 81000000 		.4byte	0x81
 579 03fb 0D       		.byte	0xd
 580 03fc 00       		.byte	0
 581 03fd 05       		.uleb128 0x5
 582 03fe ED030000 		.4byte	0x3ed
 583 0402 06       		.uleb128 0x6
 584 0403 FD030000 		.4byte	0x3fd
 585 0407 07       		.uleb128 0x7
 586 0408 8D000000 		.4byte	0x8d
 587 040c 18040000 		.4byte	0x418
 588 0410 0C       		.uleb128 0xc
 589 0411 81000000 		.4byte	0x81
 590 0415 EC02     		.2byte	0x2ec
 591 0417 00       		.byte	0
 592 0418 05       		.uleb128 0x5
 593 0419 07040000 		.4byte	0x407
 594 041d 06       		.uleb128 0x6
 595 041e 18040000 		.4byte	0x418
 596 0422 03       		.uleb128 0x3
 597 0423 84050000 		.4byte	.LASF62
 598 0427 05       		.byte	0x5
 599 0428 54       		.byte	0x54
 600 0429 E2000000 		.4byte	0xe2
 601 042d 02       		.uleb128 0x2
 602 042e 08       		.byte	0x8
 603 042f 04       		.byte	0x4
 604 0430 81030000 		.4byte	.LASF63
 605 0434 02       		.uleb128 0x2
 606 0435 01       		.byte	0x1
 607 0436 08       		.byte	0x8
 608 0437 7B040000 		.4byte	.LASF64
 609 043b 02       		.uleb128 0x2
 610 043c 04       		.byte	0x4
 611 043d 04       		.byte	0x4
 612 043e C3020000 		.4byte	.LASF65
 613 0442 02       		.uleb128 0x2
 614 0443 08       		.byte	0x8
 615 0444 04       		.byte	0x4
 616 0445 69050000 		.4byte	.LASF66
 617 0449 02       		.uleb128 0x2
 618 044a 01       		.byte	0x1
 619 044b 02       		.byte	0x2
 620 044c E7040000 		.4byte	.LASF67
 621 0450 0D       		.uleb128 0xd
 622 0451 01       		.byte	0x1
 623 0452 2C000000 		.4byte	0x2c
 624 0456 06       		.byte	0x6
 625 0457 F902     		.2byte	0x2f9
 626 0459 6A040000 		.4byte	0x46a
 627 045d 0E       		.uleb128 0xe
 628 045e 73000000 		.4byte	.LASF68
ARM GAS  C:\Users\LIVEKE~1\AppData\Local\Temp\cc8sEGH9.s 			page 14


 629 0462 00       		.byte	0
 630 0463 0E       		.uleb128 0xe
 631 0464 C7040000 		.4byte	.LASF69
 632 0468 01       		.byte	0x1
 633 0469 00       		.byte	0
 634 046a 0D       		.uleb128 0xd
 635 046b 01       		.byte	0x1
 636 046c 2C000000 		.4byte	0x2c
 637 0470 06       		.byte	0x6
 638 0471 0504     		.2byte	0x405
 639 0473 90040000 		.4byte	0x490
 640 0477 0E       		.uleb128 0xe
 641 0478 DB020000 		.4byte	.LASF70
 642 047c 00       		.byte	0
 643 047d 0E       		.uleb128 0xe
 644 047e B6050000 		.4byte	.LASF71
 645 0482 01       		.byte	0x1
 646 0483 0E       		.uleb128 0xe
 647 0484 8A040000 		.4byte	.LASF72
 648 0488 02       		.byte	0x2
 649 0489 0E       		.uleb128 0xe
 650 048a 21000000 		.4byte	.LASF73
 651 048e 03       		.byte	0x3
 652 048f 00       		.byte	0
 653 0490 0F       		.uleb128 0xf
 654 0491 6F060000 		.4byte	.LASF74
 655 0495 06       		.byte	0x6
 656 0496 0A04     		.2byte	0x40a
 657 0498 6A040000 		.4byte	0x46a
 658 049c 10       		.uleb128 0x10
 659 049d 78       		.byte	0x78
 660 049e 06       		.byte	0x6
 661 049f F404     		.2byte	0x4f4
 662 04a1 69050000 		.4byte	0x569
 663 04a5 11       		.uleb128 0x11
 664 04a6 23030000 		.4byte	.LASF75
 665 04aa 06       		.byte	0x6
 666 04ab F604     		.2byte	0x4f6
 667 04ad 76000000 		.4byte	0x76
 668 04b1 00       		.byte	0
 669 04b2 11       		.uleb128 0x11
 670 04b3 D1000000 		.4byte	.LASF76
 671 04b7 06       		.byte	0x6
 672 04b8 F704     		.2byte	0x4f7
 673 04ba 76000000 		.4byte	0x76
 674 04be 04       		.byte	0x4
 675 04bf 11       		.uleb128 0x11
 676 04c0 28030000 		.4byte	.LASF77
 677 04c4 06       		.byte	0x6
 678 04c5 F804     		.2byte	0x4f8
 679 04c7 76000000 		.4byte	0x76
 680 04cb 08       		.byte	0x8
 681 04cc 11       		.uleb128 0x11
 682 04cd 24060000 		.4byte	.LASF78
 683 04d1 06       		.byte	0x6
 684 04d2 F904     		.2byte	0x4f9
 685 04d4 76000000 		.4byte	0x76
ARM GAS  C:\Users\LIVEKE~1\AppData\Local\Temp\cc8sEGH9.s 			page 15


 686 04d8 0C       		.byte	0xc
 687 04d9 11       		.uleb128 0x11
 688 04da 8C010000 		.4byte	.LASF79
 689 04de 06       		.byte	0x6
 690 04df FA04     		.2byte	0x4fa
 691 04e1 76000000 		.4byte	0x76
 692 04e5 10       		.byte	0x10
 693 04e6 11       		.uleb128 0x11
 694 04e7 16020000 		.4byte	.LASF80
 695 04eb 06       		.byte	0x6
 696 04ec FB04     		.2byte	0x4fb
 697 04ee 90040000 		.4byte	0x490
 698 04f2 14       		.byte	0x14
 699 04f3 11       		.uleb128 0x11
 700 04f4 EE050000 		.4byte	.LASF81
 701 04f8 06       		.byte	0x6
 702 04f9 FC04     		.2byte	0x4fc
 703 04fb 76000000 		.4byte	0x76
 704 04ff 18       		.byte	0x18
 705 0500 11       		.uleb128 0x11
 706 0501 CF050000 		.4byte	.LASF82
 707 0505 06       		.byte	0x6
 708 0506 FD04     		.2byte	0x4fd
 709 0508 69050000 		.4byte	0x569
 710 050c 1C       		.byte	0x1c
 711 050d 11       		.uleb128 0x11
 712 050e 66060000 		.4byte	.LASF83
 713 0512 06       		.byte	0x6
 714 0513 FE04     		.2byte	0x4fe
 715 0515 76000000 		.4byte	0x76
 716 0519 5C       		.byte	0x5c
 717 051a 11       		.uleb128 0x11
 718 051b 49000000 		.4byte	.LASF84
 719 051f 06       		.byte	0x6
 720 0520 FF04     		.2byte	0x4ff
 721 0522 76000000 		.4byte	0x76
 722 0526 60       		.byte	0x60
 723 0527 11       		.uleb128 0x11
 724 0528 01040000 		.4byte	.LASF85
 725 052c 06       		.byte	0x6
 726 052d 0005     		.2byte	0x500
 727 052f 76000000 		.4byte	0x76
 728 0533 64       		.byte	0x64
 729 0534 11       		.uleb128 0x11
 730 0535 80040000 		.4byte	.LASF86
 731 0539 06       		.byte	0x6
 732 053a 0105     		.2byte	0x501
 733 053c 76000000 		.4byte	0x76
 734 0540 68       		.byte	0x68
 735 0541 11       		.uleb128 0x11
 736 0542 0F040000 		.4byte	.LASF87
 737 0546 06       		.byte	0x6
 738 0547 0205     		.2byte	0x502
 739 0549 76000000 		.4byte	0x76
 740 054d 6C       		.byte	0x6c
 741 054e 11       		.uleb128 0x11
 742 054f A3020000 		.4byte	.LASF88
ARM GAS  C:\Users\LIVEKE~1\AppData\Local\Temp\cc8sEGH9.s 			page 16


 743 0553 06       		.byte	0x6
 744 0554 0305     		.2byte	0x503
 745 0556 49040000 		.4byte	0x449
 746 055a 70       		.byte	0x70
 747 055b 11       		.uleb128 0x11
 748 055c EE000000 		.4byte	.LASF89
 749 0560 06       		.byte	0x6
 750 0561 0405     		.2byte	0x504
 751 0563 76000000 		.4byte	0x76
 752 0567 74       		.byte	0x74
 753 0568 00       		.byte	0
 754 0569 07       		.uleb128 0x7
 755 056a 76000000 		.4byte	0x76
 756 056e 79050000 		.4byte	0x579
 757 0572 08       		.uleb128 0x8
 758 0573 81000000 		.4byte	0x81
 759 0577 0F       		.byte	0xf
 760 0578 00       		.byte	0
 761 0579 0F       		.uleb128 0xf
 762 057a DA050000 		.4byte	.LASF90
 763 057e 06       		.byte	0x6
 764 057f 0505     		.2byte	0x505
 765 0581 9C040000 		.4byte	0x49c
 766 0585 12       		.uleb128 0x12
 767 0586 14       		.byte	0x14
 768 0587 07       		.byte	0x7
 769 0588 3B       		.byte	0x3b
 770 0589 CA050000 		.4byte	0x5ca
 771 058d 0A       		.uleb128 0xa
 772 058e 00000000 		.4byte	.LASF91
 773 0592 07       		.byte	0x7
 774 0593 3D       		.byte	0x3d
 775 0594 76000000 		.4byte	0x76
 776 0598 00       		.byte	0
 777 0599 0A       		.uleb128 0xa
 778 059a F5050000 		.4byte	.LASF92
 779 059e 07       		.byte	0x7
 780 059f 3E       		.byte	0x3e
 781 05a0 76000000 		.4byte	0x76
 782 05a4 04       		.byte	0x4
 783 05a5 0A       		.uleb128 0xa
 784 05a6 ED040000 		.4byte	.LASF93
 785 05aa 07       		.byte	0x7
 786 05ab 3F       		.byte	0x3f
 787 05ac CA050000 		.4byte	0x5ca
 788 05b0 08       		.byte	0x8
 789 05b1 0A       		.uleb128 0xa
 790 05b2 5D040000 		.4byte	.LASF94
 791 05b6 07       		.byte	0x7
 792 05b7 40       		.byte	0x40
 793 05b8 76000000 		.4byte	0x76
 794 05bc 0C       		.byte	0xc
 795 05bd 0A       		.uleb128 0xa
 796 05be 68000000 		.4byte	.LASF95
 797 05c2 07       		.byte	0x7
 798 05c3 45       		.byte	0x45
 799 05c4 76000000 		.4byte	0x76
ARM GAS  C:\Users\LIVEKE~1\AppData\Local\Temp\cc8sEGH9.s 			page 17


 800 05c8 10       		.byte	0x10
 801 05c9 00       		.byte	0
 802 05ca 13       		.uleb128 0x13
 803 05cb 04       		.byte	0x4
 804 05cc D0050000 		.4byte	0x5d0
 805 05d0 06       		.uleb128 0x6
 806 05d1 79050000 		.4byte	0x579
 807 05d5 03       		.uleb128 0x3
 808 05d6 DC000000 		.4byte	.LASF96
 809 05da 07       		.byte	0x7
 810 05db 48       		.byte	0x48
 811 05dc 85050000 		.4byte	0x585
 812 05e0 14       		.uleb128 0x14
 813 05e1 68030000 		.4byte	.LASF110
 814 05e5 02       		.byte	0x2
 815 05e6 53       		.byte	0x53
 816 05e7 03       		.byte	0x3
 817 05e8 15       		.uleb128 0x15
 818 05e9 97010000 		.4byte	.LASF111
 819 05ed 01       		.byte	0x1
 820 05ee 0E       		.byte	0xe
 821 05ef 68000000 		.4byte	0x68
 822 05f3 00000000 		.4byte	.LFB273
 823 05f7 50000000 		.4byte	.LFE273-.LFB273
 824 05fb 01       		.uleb128 0x1
 825 05fc 9C       		.byte	0x9c
 826 05fd A8060000 		.4byte	0x6a8
 827 0601 16       		.uleb128 0x16
 828 0602 04020000 		.4byte	.LASF97
 829 0606 01       		.byte	0x1
 830 0607 19       		.byte	0x19
 831 0608 A8060000 		.4byte	0x6a8
 832 060c 02       		.uleb128 0x2
 833 060d 91       		.byte	0x91
 834 060e 74       		.sleb128 -12
 835 060f 16       		.uleb128 0x16
 836 0610 57040000 		.4byte	.LASF98
 837 0614 01       		.byte	0x1
 838 0615 1A       		.byte	0x1a
 839 0616 A8060000 		.4byte	0x6a8
 840 061a 02       		.uleb128 0x2
 841 061b 91       		.byte	0x91
 842 061c 70       		.sleb128 -16
 843 061d 17       		.uleb128 0x17
 844 061e E0050000 		.4byte	0x5e0
 845 0622 04000000 		.4byte	.LBB4
 846 0626 02000000 		.4byte	.LBE4-.LBB4
 847 062a 01       		.byte	0x1
 848 062b 10       		.byte	0x10
 849 062c 18       		.uleb128 0x18
 850 062d 0C000000 		.4byte	.LVL0
 851 0631 DF060000 		.4byte	0x6df
 852 0635 43060000 		.4byte	0x643
 853 0639 19       		.uleb128 0x19
 854 063a 01       		.uleb128 0x1
 855 063b 50       		.byte	0x50
 856 063c 05       		.uleb128 0x5
ARM GAS  C:\Users\LIVEKE~1\AppData\Local\Temp\cc8sEGH9.s 			page 18


 857 063d 0C       		.byte	0xc
 858 063e 00000810 		.4byte	0x10080000
 859 0642 00       		.byte	0
 860 0643 1A       		.uleb128 0x1a
 861 0644 10000000 		.4byte	.LVL1
 862 0648 EB060000 		.4byte	0x6eb
 863 064c 18       		.uleb128 0x18
 864 064d 1A000000 		.4byte	.LVL2
 865 0651 F6060000 		.4byte	0x6f6
 866 0655 65060000 		.4byte	0x665
 867 0659 19       		.uleb128 0x19
 868 065a 01       		.uleb128 0x1
 869 065b 50       		.byte	0x50
 870 065c 02       		.uleb128 0x2
 871 065d 74       		.byte	0x74
 872 065e 00       		.sleb128 0
 873 065f 19       		.uleb128 0x19
 874 0660 01       		.uleb128 0x1
 875 0661 51       		.byte	0x51
 876 0662 01       		.uleb128 0x1
 877 0663 30       		.byte	0x30
 878 0664 00       		.byte	0
 879 0665 18       		.uleb128 0x18
 880 0666 22000000 		.4byte	.LVL3
 881 066a 02070000 		.4byte	0x702
 882 066e 7E060000 		.4byte	0x67e
 883 0672 19       		.uleb128 0x19
 884 0673 01       		.uleb128 0x1
 885 0674 50       		.byte	0x50
 886 0675 02       		.uleb128 0x2
 887 0676 74       		.byte	0x74
 888 0677 00       		.sleb128 0
 889 0678 19       		.uleb128 0x19
 890 0679 01       		.uleb128 0x1
 891 067a 51       		.byte	0x51
 892 067b 01       		.uleb128 0x1
 893 067c 30       		.byte	0x30
 894 067d 00       		.byte	0
 895 067e 18       		.uleb128 0x18
 896 067f 38000000 		.4byte	.LVL6
 897 0683 0E070000 		.4byte	0x70e
 898 0687 97060000 		.4byte	0x697
 899 068b 19       		.uleb128 0x19
 900 068c 01       		.uleb128 0x1
 901 068d 50       		.byte	0x50
 902 068e 02       		.uleb128 0x2
 903 068f 74       		.byte	0x74
 904 0690 00       		.sleb128 0
 905 0691 19       		.uleb128 0x19
 906 0692 01       		.uleb128 0x1
 907 0693 51       		.byte	0x51
 908 0694 01       		.uleb128 0x1
 909 0695 30       		.byte	0x30
 910 0696 00       		.byte	0
 911 0697 1B       		.uleb128 0x1b
 912 0698 44000000 		.4byte	.LVL8
 913 069c 1A070000 		.4byte	0x71a
ARM GAS  C:\Users\LIVEKE~1\AppData\Local\Temp\cc8sEGH9.s 			page 19


 914 06a0 19       		.uleb128 0x19
 915 06a1 01       		.uleb128 0x1
 916 06a2 50       		.byte	0x50
 917 06a3 02       		.uleb128 0x2
 918 06a4 08       		.byte	0x8
 919 06a5 64       		.byte	0x64
 920 06a6 00       		.byte	0
 921 06a7 00       		.byte	0
 922 06a8 05       		.uleb128 0x5
 923 06a9 3B040000 		.4byte	0x43b
 924 06ad 1C       		.uleb128 0x1c
 925 06ae C9020000 		.4byte	.LASF99
 926 06b2 07       		.byte	0x7
 927 06b3 6001     		.2byte	0x160
 928 06b5 76000000 		.4byte	0x76
 929 06b9 07       		.uleb128 0x7
 930 06ba C9060000 		.4byte	0x6c9
 931 06be C9060000 		.4byte	0x6c9
 932 06c2 08       		.uleb128 0x8
 933 06c3 81000000 		.4byte	0x81
 934 06c7 00       		.byte	0
 935 06c8 00       		.byte	0
 936 06c9 06       		.uleb128 0x6
 937 06ca D5050000 		.4byte	0x5d5
 938 06ce 1C       		.uleb128 0x1c
 939 06cf 55020000 		.4byte	.LASF100
 940 06d3 07       		.byte	0x7
 941 06d4 6401     		.2byte	0x164
 942 06d6 DA060000 		.4byte	0x6da
 943 06da 06       		.uleb128 0x6
 944 06db B9060000 		.4byte	0x6b9
 945 06df 1D       		.uleb128 0x1d
 946 06e0 F4010000 		.4byte	.LASF101
 947 06e4 F4010000 		.4byte	.LASF101
 948 06e8 08       		.byte	0x8
 949 06e9 FE01     		.2byte	0x1fe
 950 06eb 1E       		.uleb128 0x1e
 951 06ec 10030000 		.4byte	.LASF102
 952 06f0 10030000 		.4byte	.LASF102
 953 06f4 07       		.byte	0x7
 954 06f5 57       		.byte	0x57
 955 06f6 1D       		.uleb128 0x1d
 956 06f7 70050000 		.4byte	.LASF103
 957 06fb 70050000 		.4byte	.LASF103
 958 06ff 06       		.byte	0x6
 959 0700 2105     		.2byte	0x521
 960 0702 1D       		.uleb128 0x1d
 961 0703 44040000 		.4byte	.LASF104
 962 0707 44040000 		.4byte	.LASF104
 963 070b 06       		.byte	0x6
 964 070c 2405     		.2byte	0x524
 965 070e 1D       		.uleb128 0x1d
 966 070f 20020000 		.4byte	.LASF105
 967 0713 20020000 		.4byte	.LASF105
 968 0717 06       		.byte	0x6
 969 0718 4405     		.2byte	0x544
 970 071a 1D       		.uleb128 0x1d
ARM GAS  C:\Users\LIVEKE~1\AppData\Local\Temp\cc8sEGH9.s 			page 20


 971 071b E4010000 		.4byte	.LASF106
 972 071f E4010000 		.4byte	.LASF106
 973 0723 09       		.byte	0x9
 974 0724 2103     		.2byte	0x321
 975 0726 00       		.byte	0
 976              		.section	.debug_abbrev,"",%progbits
 977              	.Ldebug_abbrev0:
 978 0000 01       		.uleb128 0x1
 979 0001 11       		.uleb128 0x11
 980 0002 01       		.byte	0x1
 981 0003 25       		.uleb128 0x25
 982 0004 0E       		.uleb128 0xe
 983 0005 13       		.uleb128 0x13
 984 0006 0B       		.uleb128 0xb
 985 0007 03       		.uleb128 0x3
 986 0008 0E       		.uleb128 0xe
 987 0009 1B       		.uleb128 0x1b
 988 000a 0E       		.uleb128 0xe
 989 000b 55       		.uleb128 0x55
 990 000c 17       		.uleb128 0x17
 991 000d 11       		.uleb128 0x11
 992 000e 01       		.uleb128 0x1
 993 000f 10       		.uleb128 0x10
 994 0010 17       		.uleb128 0x17
 995 0011 00       		.byte	0
 996 0012 00       		.byte	0
 997 0013 02       		.uleb128 0x2
 998 0014 24       		.uleb128 0x24
 999 0015 00       		.byte	0
 1000 0016 0B       		.uleb128 0xb
 1001 0017 0B       		.uleb128 0xb
 1002 0018 3E       		.uleb128 0x3e
 1003 0019 0B       		.uleb128 0xb
 1004 001a 03       		.uleb128 0x3
 1005 001b 0E       		.uleb128 0xe
 1006 001c 00       		.byte	0
 1007 001d 00       		.byte	0
 1008 001e 03       		.uleb128 0x3
 1009 001f 16       		.uleb128 0x16
 1010 0020 00       		.byte	0
 1011 0021 03       		.uleb128 0x3
 1012 0022 0E       		.uleb128 0xe
 1013 0023 3A       		.uleb128 0x3a
 1014 0024 0B       		.uleb128 0xb
 1015 0025 3B       		.uleb128 0x3b
 1016 0026 0B       		.uleb128 0xb
 1017 0027 49       		.uleb128 0x49
 1018 0028 13       		.uleb128 0x13
 1019 0029 00       		.byte	0
 1020 002a 00       		.byte	0
 1021 002b 04       		.uleb128 0x4
 1022 002c 24       		.uleb128 0x24
 1023 002d 00       		.byte	0
 1024 002e 0B       		.uleb128 0xb
 1025 002f 0B       		.uleb128 0xb
 1026 0030 3E       		.uleb128 0x3e
 1027 0031 0B       		.uleb128 0xb
ARM GAS  C:\Users\LIVEKE~1\AppData\Local\Temp\cc8sEGH9.s 			page 21


 1028 0032 03       		.uleb128 0x3
 1029 0033 08       		.uleb128 0x8
 1030 0034 00       		.byte	0
 1031 0035 00       		.byte	0
 1032 0036 05       		.uleb128 0x5
 1033 0037 35       		.uleb128 0x35
 1034 0038 00       		.byte	0
 1035 0039 49       		.uleb128 0x49
 1036 003a 13       		.uleb128 0x13
 1037 003b 00       		.byte	0
 1038 003c 00       		.byte	0
 1039 003d 06       		.uleb128 0x6
 1040 003e 26       		.uleb128 0x26
 1041 003f 00       		.byte	0
 1042 0040 49       		.uleb128 0x49
 1043 0041 13       		.uleb128 0x13
 1044 0042 00       		.byte	0
 1045 0043 00       		.byte	0
 1046 0044 07       		.uleb128 0x7
 1047 0045 01       		.uleb128 0x1
 1048 0046 01       		.byte	0x1
 1049 0047 49       		.uleb128 0x49
 1050 0048 13       		.uleb128 0x13
 1051 0049 01       		.uleb128 0x1
 1052 004a 13       		.uleb128 0x13
 1053 004b 00       		.byte	0
 1054 004c 00       		.byte	0
 1055 004d 08       		.uleb128 0x8
 1056 004e 21       		.uleb128 0x21
 1057 004f 00       		.byte	0
 1058 0050 49       		.uleb128 0x49
 1059 0051 13       		.uleb128 0x13
 1060 0052 2F       		.uleb128 0x2f
 1061 0053 0B       		.uleb128 0xb
 1062 0054 00       		.byte	0
 1063 0055 00       		.byte	0
 1064 0056 09       		.uleb128 0x9
 1065 0057 13       		.uleb128 0x13
 1066 0058 01       		.byte	0x1
 1067 0059 0B       		.uleb128 0xb
 1068 005a 05       		.uleb128 0x5
 1069 005b 3A       		.uleb128 0x3a
 1070 005c 0B       		.uleb128 0xb
 1071 005d 3B       		.uleb128 0x3b
 1072 005e 0B       		.uleb128 0xb
 1073 005f 01       		.uleb128 0x1
 1074 0060 13       		.uleb128 0x13
 1075 0061 00       		.byte	0
 1076 0062 00       		.byte	0
 1077 0063 0A       		.uleb128 0xa
 1078 0064 0D       		.uleb128 0xd
 1079 0065 00       		.byte	0
 1080 0066 03       		.uleb128 0x3
 1081 0067 0E       		.uleb128 0xe
 1082 0068 3A       		.uleb128 0x3a
 1083 0069 0B       		.uleb128 0xb
 1084 006a 3B       		.uleb128 0x3b
ARM GAS  C:\Users\LIVEKE~1\AppData\Local\Temp\cc8sEGH9.s 			page 22


 1085 006b 0B       		.uleb128 0xb
 1086 006c 49       		.uleb128 0x49
 1087 006d 13       		.uleb128 0x13
 1088 006e 38       		.uleb128 0x38
 1089 006f 0B       		.uleb128 0xb
 1090 0070 00       		.byte	0
 1091 0071 00       		.byte	0
 1092 0072 0B       		.uleb128 0xb
 1093 0073 0D       		.uleb128 0xd
 1094 0074 00       		.byte	0
 1095 0075 03       		.uleb128 0x3
 1096 0076 0E       		.uleb128 0xe
 1097 0077 3A       		.uleb128 0x3a
 1098 0078 0B       		.uleb128 0xb
 1099 0079 3B       		.uleb128 0x3b
 1100 007a 0B       		.uleb128 0xb
 1101 007b 49       		.uleb128 0x49
 1102 007c 13       		.uleb128 0x13
 1103 007d 38       		.uleb128 0x38
 1104 007e 05       		.uleb128 0x5
 1105 007f 00       		.byte	0
 1106 0080 00       		.byte	0
 1107 0081 0C       		.uleb128 0xc
 1108 0082 21       		.uleb128 0x21
 1109 0083 00       		.byte	0
 1110 0084 49       		.uleb128 0x49
 1111 0085 13       		.uleb128 0x13
 1112 0086 2F       		.uleb128 0x2f
 1113 0087 05       		.uleb128 0x5
 1114 0088 00       		.byte	0
 1115 0089 00       		.byte	0
 1116 008a 0D       		.uleb128 0xd
 1117 008b 04       		.uleb128 0x4
 1118 008c 01       		.byte	0x1
 1119 008d 0B       		.uleb128 0xb
 1120 008e 0B       		.uleb128 0xb
 1121 008f 49       		.uleb128 0x49
 1122 0090 13       		.uleb128 0x13
 1123 0091 3A       		.uleb128 0x3a
 1124 0092 0B       		.uleb128 0xb
 1125 0093 3B       		.uleb128 0x3b
 1126 0094 05       		.uleb128 0x5
 1127 0095 01       		.uleb128 0x1
 1128 0096 13       		.uleb128 0x13
 1129 0097 00       		.byte	0
 1130 0098 00       		.byte	0
 1131 0099 0E       		.uleb128 0xe
 1132 009a 28       		.uleb128 0x28
 1133 009b 00       		.byte	0
 1134 009c 03       		.uleb128 0x3
 1135 009d 0E       		.uleb128 0xe
 1136 009e 1C       		.uleb128 0x1c
 1137 009f 0B       		.uleb128 0xb
 1138 00a0 00       		.byte	0
 1139 00a1 00       		.byte	0
 1140 00a2 0F       		.uleb128 0xf
 1141 00a3 16       		.uleb128 0x16
ARM GAS  C:\Users\LIVEKE~1\AppData\Local\Temp\cc8sEGH9.s 			page 23


 1142 00a4 00       		.byte	0
 1143 00a5 03       		.uleb128 0x3
 1144 00a6 0E       		.uleb128 0xe
 1145 00a7 3A       		.uleb128 0x3a
 1146 00a8 0B       		.uleb128 0xb
 1147 00a9 3B       		.uleb128 0x3b
 1148 00aa 05       		.uleb128 0x5
 1149 00ab 49       		.uleb128 0x49
 1150 00ac 13       		.uleb128 0x13
 1151 00ad 00       		.byte	0
 1152 00ae 00       		.byte	0
 1153 00af 10       		.uleb128 0x10
 1154 00b0 13       		.uleb128 0x13
 1155 00b1 01       		.byte	0x1
 1156 00b2 0B       		.uleb128 0xb
 1157 00b3 0B       		.uleb128 0xb
 1158 00b4 3A       		.uleb128 0x3a
 1159 00b5 0B       		.uleb128 0xb
 1160 00b6 3B       		.uleb128 0x3b
 1161 00b7 05       		.uleb128 0x5
 1162 00b8 01       		.uleb128 0x1
 1163 00b9 13       		.uleb128 0x13
 1164 00ba 00       		.byte	0
 1165 00bb 00       		.byte	0
 1166 00bc 11       		.uleb128 0x11
 1167 00bd 0D       		.uleb128 0xd
 1168 00be 00       		.byte	0
 1169 00bf 03       		.uleb128 0x3
 1170 00c0 0E       		.uleb128 0xe
 1171 00c1 3A       		.uleb128 0x3a
 1172 00c2 0B       		.uleb128 0xb
 1173 00c3 3B       		.uleb128 0x3b
 1174 00c4 05       		.uleb128 0x5
 1175 00c5 49       		.uleb128 0x49
 1176 00c6 13       		.uleb128 0x13
 1177 00c7 38       		.uleb128 0x38
 1178 00c8 0B       		.uleb128 0xb
 1179 00c9 00       		.byte	0
 1180 00ca 00       		.byte	0
 1181 00cb 12       		.uleb128 0x12
 1182 00cc 13       		.uleb128 0x13
 1183 00cd 01       		.byte	0x1
 1184 00ce 0B       		.uleb128 0xb
 1185 00cf 0B       		.uleb128 0xb
 1186 00d0 3A       		.uleb128 0x3a
 1187 00d1 0B       		.uleb128 0xb
 1188 00d2 3B       		.uleb128 0x3b
 1189 00d3 0B       		.uleb128 0xb
 1190 00d4 01       		.uleb128 0x1
 1191 00d5 13       		.uleb128 0x13
 1192 00d6 00       		.byte	0
 1193 00d7 00       		.byte	0
 1194 00d8 13       		.uleb128 0x13
 1195 00d9 0F       		.uleb128 0xf
 1196 00da 00       		.byte	0
 1197 00db 0B       		.uleb128 0xb
 1198 00dc 0B       		.uleb128 0xb
ARM GAS  C:\Users\LIVEKE~1\AppData\Local\Temp\cc8sEGH9.s 			page 24


 1199 00dd 49       		.uleb128 0x49
 1200 00de 13       		.uleb128 0x13
 1201 00df 00       		.byte	0
 1202 00e0 00       		.byte	0
 1203 00e1 14       		.uleb128 0x14
 1204 00e2 2E       		.uleb128 0x2e
 1205 00e3 00       		.byte	0
 1206 00e4 03       		.uleb128 0x3
 1207 00e5 0E       		.uleb128 0xe
 1208 00e6 3A       		.uleb128 0x3a
 1209 00e7 0B       		.uleb128 0xb
 1210 00e8 3B       		.uleb128 0x3b
 1211 00e9 0B       		.uleb128 0xb
 1212 00ea 27       		.uleb128 0x27
 1213 00eb 19       		.uleb128 0x19
 1214 00ec 20       		.uleb128 0x20
 1215 00ed 0B       		.uleb128 0xb
 1216 00ee 00       		.byte	0
 1217 00ef 00       		.byte	0
 1218 00f0 15       		.uleb128 0x15
 1219 00f1 2E       		.uleb128 0x2e
 1220 00f2 01       		.byte	0x1
 1221 00f3 3F       		.uleb128 0x3f
 1222 00f4 19       		.uleb128 0x19
 1223 00f5 03       		.uleb128 0x3
 1224 00f6 0E       		.uleb128 0xe
 1225 00f7 3A       		.uleb128 0x3a
 1226 00f8 0B       		.uleb128 0xb
 1227 00f9 3B       		.uleb128 0x3b
 1228 00fa 0B       		.uleb128 0xb
 1229 00fb 27       		.uleb128 0x27
 1230 00fc 19       		.uleb128 0x19
 1231 00fd 49       		.uleb128 0x49
 1232 00fe 13       		.uleb128 0x13
 1233 00ff 8701     		.uleb128 0x87
 1234 0101 19       		.uleb128 0x19
 1235 0102 11       		.uleb128 0x11
 1236 0103 01       		.uleb128 0x1
 1237 0104 12       		.uleb128 0x12
 1238 0105 06       		.uleb128 0x6
 1239 0106 40       		.uleb128 0x40
 1240 0107 18       		.uleb128 0x18
 1241 0108 9642     		.uleb128 0x2116
 1242 010a 19       		.uleb128 0x19
 1243 010b 01       		.uleb128 0x1
 1244 010c 13       		.uleb128 0x13
 1245 010d 00       		.byte	0
 1246 010e 00       		.byte	0
 1247 010f 16       		.uleb128 0x16
 1248 0110 34       		.uleb128 0x34
 1249 0111 00       		.byte	0
 1250 0112 03       		.uleb128 0x3
 1251 0113 0E       		.uleb128 0xe
 1252 0114 3A       		.uleb128 0x3a
 1253 0115 0B       		.uleb128 0xb
 1254 0116 3B       		.uleb128 0x3b
 1255 0117 0B       		.uleb128 0xb
ARM GAS  C:\Users\LIVEKE~1\AppData\Local\Temp\cc8sEGH9.s 			page 25


 1256 0118 49       		.uleb128 0x49
 1257 0119 13       		.uleb128 0x13
 1258 011a 02       		.uleb128 0x2
 1259 011b 18       		.uleb128 0x18
 1260 011c 00       		.byte	0
 1261 011d 00       		.byte	0
 1262 011e 17       		.uleb128 0x17
 1263 011f 1D       		.uleb128 0x1d
 1264 0120 00       		.byte	0
 1265 0121 31       		.uleb128 0x31
 1266 0122 13       		.uleb128 0x13
 1267 0123 11       		.uleb128 0x11
 1268 0124 01       		.uleb128 0x1
 1269 0125 12       		.uleb128 0x12
 1270 0126 06       		.uleb128 0x6
 1271 0127 58       		.uleb128 0x58
 1272 0128 0B       		.uleb128 0xb
 1273 0129 59       		.uleb128 0x59
 1274 012a 0B       		.uleb128 0xb
 1275 012b 00       		.byte	0
 1276 012c 00       		.byte	0
 1277 012d 18       		.uleb128 0x18
 1278 012e 898201   		.uleb128 0x4109
 1279 0131 01       		.byte	0x1
 1280 0132 11       		.uleb128 0x11
 1281 0133 01       		.uleb128 0x1
 1282 0134 31       		.uleb128 0x31
 1283 0135 13       		.uleb128 0x13
 1284 0136 01       		.uleb128 0x1
 1285 0137 13       		.uleb128 0x13
 1286 0138 00       		.byte	0
 1287 0139 00       		.byte	0
 1288 013a 19       		.uleb128 0x19
 1289 013b 8A8201   		.uleb128 0x410a
 1290 013e 00       		.byte	0
 1291 013f 02       		.uleb128 0x2
 1292 0140 18       		.uleb128 0x18
 1293 0141 9142     		.uleb128 0x2111
 1294 0143 18       		.uleb128 0x18
 1295 0144 00       		.byte	0
 1296 0145 00       		.byte	0
 1297 0146 1A       		.uleb128 0x1a
 1298 0147 898201   		.uleb128 0x4109
 1299 014a 00       		.byte	0
 1300 014b 11       		.uleb128 0x11
 1301 014c 01       		.uleb128 0x1
 1302 014d 31       		.uleb128 0x31
 1303 014e 13       		.uleb128 0x13
 1304 014f 00       		.byte	0
 1305 0150 00       		.byte	0
 1306 0151 1B       		.uleb128 0x1b
 1307 0152 898201   		.uleb128 0x4109
 1308 0155 01       		.byte	0x1
 1309 0156 11       		.uleb128 0x11
 1310 0157 01       		.uleb128 0x1
 1311 0158 31       		.uleb128 0x31
 1312 0159 13       		.uleb128 0x13
ARM GAS  C:\Users\LIVEKE~1\AppData\Local\Temp\cc8sEGH9.s 			page 26


 1313 015a 00       		.byte	0
 1314 015b 00       		.byte	0
 1315 015c 1C       		.uleb128 0x1c
 1316 015d 34       		.uleb128 0x34
 1317 015e 00       		.byte	0
 1318 015f 03       		.uleb128 0x3
 1319 0160 0E       		.uleb128 0xe
 1320 0161 3A       		.uleb128 0x3a
 1321 0162 0B       		.uleb128 0xb
 1322 0163 3B       		.uleb128 0x3b
 1323 0164 05       		.uleb128 0x5
 1324 0165 49       		.uleb128 0x49
 1325 0166 13       		.uleb128 0x13
 1326 0167 3F       		.uleb128 0x3f
 1327 0168 19       		.uleb128 0x19
 1328 0169 3C       		.uleb128 0x3c
 1329 016a 19       		.uleb128 0x19
 1330 016b 00       		.byte	0
 1331 016c 00       		.byte	0
 1332 016d 1D       		.uleb128 0x1d
 1333 016e 2E       		.uleb128 0x2e
 1334 016f 00       		.byte	0
 1335 0170 3F       		.uleb128 0x3f
 1336 0171 19       		.uleb128 0x19
 1337 0172 3C       		.uleb128 0x3c
 1338 0173 19       		.uleb128 0x19
 1339 0174 6E       		.uleb128 0x6e
 1340 0175 0E       		.uleb128 0xe
 1341 0176 03       		.uleb128 0x3
 1342 0177 0E       		.uleb128 0xe
 1343 0178 3A       		.uleb128 0x3a
 1344 0179 0B       		.uleb128 0xb
 1345 017a 3B       		.uleb128 0x3b
 1346 017b 05       		.uleb128 0x5
 1347 017c 00       		.byte	0
 1348 017d 00       		.byte	0
 1349 017e 1E       		.uleb128 0x1e
 1350 017f 2E       		.uleb128 0x2e
 1351 0180 00       		.byte	0
 1352 0181 3F       		.uleb128 0x3f
 1353 0182 19       		.uleb128 0x19
 1354 0183 3C       		.uleb128 0x3c
 1355 0184 19       		.uleb128 0x19
 1356 0185 6E       		.uleb128 0x6e
 1357 0186 0E       		.uleb128 0xe
 1358 0187 03       		.uleb128 0x3
 1359 0188 0E       		.uleb128 0xe
 1360 0189 3A       		.uleb128 0x3a
 1361 018a 0B       		.uleb128 0xb
 1362 018b 3B       		.uleb128 0x3b
 1363 018c 0B       		.uleb128 0xb
 1364 018d 00       		.byte	0
 1365 018e 00       		.byte	0
 1366 018f 00       		.byte	0
 1367              		.section	.debug_aranges,"",%progbits
 1368 0000 1C000000 		.4byte	0x1c
 1369 0004 0200     		.2byte	0x2
ARM GAS  C:\Users\LIVEKE~1\AppData\Local\Temp\cc8sEGH9.s 			page 27


 1370 0006 00000000 		.4byte	.Ldebug_info0
 1371 000a 04       		.byte	0x4
 1372 000b 00       		.byte	0
 1373 000c 0000     		.2byte	0
 1374 000e 0000     		.2byte	0
 1375 0010 00000000 		.4byte	.LFB273
 1376 0014 50000000 		.4byte	.LFE273-.LFB273
 1377 0018 00000000 		.4byte	0
 1378 001c 00000000 		.4byte	0
 1379              		.section	.debug_ranges,"",%progbits
 1380              	.Ldebug_ranges0:
 1381 0000 00000000 		.4byte	.LFB273
 1382 0004 50000000 		.4byte	.LFE273
 1383 0008 00000000 		.4byte	0
 1384 000c 00000000 		.4byte	0
 1385              		.section	.debug_line,"",%progbits
 1386              	.Ldebug_line0:
 1387 0000 6E020000 		.section	.debug_str,"MS",%progbits,1
 1387      02004802 
 1387      00000201 
 1387      FB0E0D00 
 1387      01010101 
 1388              	.LASF91:
 1389 0000 6368616E 		.ascii	"channelBase\000"
 1389      6E656C42 
 1389      61736500 
 1390              	.LASF31:
 1391 000c 4348414E 		.ascii	"CHAN_RESULT_NEWVALUE\000"
 1391      5F524553 
 1391      554C545F 
 1391      4E455756 
 1391      414C5545 
 1392              	.LASF73:
 1393 0021 43595F53 		.ascii	"CY_SAR_RANGE_COND_OUTSIDE\000"
 1393      41525F52 
 1393      414E4745 
 1393      5F434F4E 
 1393      445F4F55 
 1394              	.LASF15:
 1395 003b 53414D50 		.ascii	"SAMPLE_TIME01\000"
 1395      4C455F54 
 1395      494D4530 
 1395      3100
 1396              	.LASF84:
 1397 0049 73617449 		.ascii	"satIntrMask\000"
 1397      6E74724D 
 1397      61736B00 
 1398              	.LASF56:
 1399 0055 4D55585F 		.ascii	"MUX_SWITCH_DS_CTRL\000"
 1399      53574954 
 1399      43485F44 
 1399      535F4354 
 1399      524C00
 1400              	.LASF95:
 1401 0068 636C6B44 		.ascii	"clkDivider\000"
 1401      69766964 
 1401      657200
ARM GAS  C:\Users\LIVEKE~1\AppData\Local\Temp\cc8sEGH9.s 			page 28


 1402              	.LASF68:
 1403 0073 43595F53 		.ascii	"CY_SAR_START_CONVERT_SINGLE_SHOT\000"
 1403      41525F53 
 1403      54415254 
 1403      5F434F4E 
 1403      56455254 
 1404              	.LASF108:
 1405 0094 6D61696E 		.ascii	"main_cm0p.c\000"
 1405      5F636D30 
 1405      702E6300 
 1406              	.LASF0:
 1407 00a0 73686F72 		.ascii	"short int\000"
 1407      7420696E 
 1407      7400
 1408              	.LASF42:
 1409 00aa 52414E47 		.ascii	"RANGE_INTR_MASK\000"
 1409      455F494E 
 1409      54525F4D 
 1409      41534B00 
 1410              	.LASF11:
 1411 00ba 73697A65 		.ascii	"sizetype\000"
 1411      74797065 
 1411      00
 1412              	.LASF16:
 1413 00c3 53414D50 		.ascii	"SAMPLE_TIME23\000"
 1413      4C455F54 
 1413      494D4532 
 1413      3300
 1414              	.LASF76:
 1415 00d1 73616D70 		.ascii	"sampleCtrl\000"
 1415      6C654374 
 1415      726C00
 1416              	.LASF96:
 1417 00dc 4144435F 		.ascii	"ADC_CONFIG_STRUCT\000"
 1417      434F4E46 
 1417      49475F53 
 1417      54525543 
 1417      5400
 1418              	.LASF89:
 1419 00ee 76726566 		.ascii	"vrefMvValue\000"
 1419      4D765661 
 1419      6C756500 
 1420              	.LASF107:
 1421 00fa 474E5520 		.ascii	"GNU C11 5.4.1 20160609 (release) [ARM/embedded-5-br"
 1421      43313120 
 1421      352E342E 
 1421      31203230 
 1421      31363036 
 1422 012d 616E6368 		.ascii	"anch revision 237715] -mcpu=cortex-m0plus -mthumb -"
 1422      20726576 
 1422      6973696F 
 1422      6E203233 
 1422      37373135 
 1423 0160 67202D4F 		.ascii	"g -Og -ffunction-sections -ffat-lto-objects\000"
 1423      67202D66 
 1423      66756E63 
 1423      74696F6E 
ARM GAS  C:\Users\LIVEKE~1\AppData\Local\Temp\cc8sEGH9.s 			page 29


 1423      2D736563 
 1424              	.LASF79:
 1425 018c 72616E67 		.ascii	"rangeThres\000"
 1425      65546872 
 1425      657300
 1426              	.LASF111:
 1427 0197 6D61696E 		.ascii	"main\000"
 1427      00
 1428              	.LASF9:
 1429 019c 5F5F7569 		.ascii	"__uint32_t\000"
 1429      6E743332 
 1429      5F7400
 1430              	.LASF109:
 1431 01a7 443A5C44 		.ascii	"D:\\Documents\\PSoC Creator\\Workspace02\\Analog.cy"
 1431      6F63756D 
 1431      656E7473 
 1431      5C50536F 
 1431      43204372 
 1432 01d6 64736E00 		.ascii	"dsn\000"
 1433              	.LASF24:
 1434 01da 4348414E 		.ascii	"CHAN_WORK\000"
 1434      5F574F52 
 1434      4B00
 1435              	.LASF106:
 1436 01e4 43795F53 		.ascii	"Cy_SysLib_Delay\000"
 1436      79734C69 
 1436      625F4465 
 1436      6C617900 
 1437              	.LASF101:
 1438 01f4 43795F53 		.ascii	"Cy_SysEnableCM4\000"
 1438      7973456E 
 1438      61626C65 
 1438      434D3400 
 1439              	.LASF97:
 1440 0204 76616C75 		.ascii	"value\000"
 1440      6500
 1441              	.LASF26:
 1442 020a 4348414E 		.ascii	"CHAN_RESULT\000"
 1442      5F524553 
 1442      554C5400 
 1443              	.LASF80:
 1444 0216 72616E67 		.ascii	"rangeCond\000"
 1444      65436F6E 
 1444      6400
 1445              	.LASF105:
 1446 0220 43795F53 		.ascii	"Cy_SAR_CountsTo_mVolts\000"
 1446      41525F43 
 1446      6F756E74 
 1446      73546F5F 
 1446      6D566F6C 
 1447              	.LASF29:
 1448 0237 4348414E 		.ascii	"CHAN_RESULT_UPDATED\000"
 1448      5F524553 
 1448      554C545F 
 1448      55504441 
 1448      54454400 
 1449              	.LASF47:
ARM GAS  C:\Users\LIVEKE~1\AppData\Local\Temp\cc8sEGH9.s 			page 30


 1450 024b 52455345 		.ascii	"RESERVED6\000"
 1450      52564544 
 1450      3600
 1451              	.LASF100:
 1452 0255 4144435F 		.ascii	"ADC_allConfigs\000"
 1452      616C6C43 
 1452      6F6E6669 
 1452      677300
 1453              	.LASF52:
 1454 0264 52455345 		.ascii	"RESERVED8\000"
 1454      52564544 
 1454      3800
 1455              	.LASF55:
 1456 026e 52455345 		.ascii	"RESERVED9\000"
 1456      52564544 
 1456      3900
 1457              	.LASF46:
 1458 0278 494E4A5F 		.ascii	"INJ_CHAN_CONFIG\000"
 1458      4348414E 
 1458      5F434F4E 
 1458      46494700 
 1459              	.LASF17:
 1460 0288 52414E47 		.ascii	"RANGE_THRES\000"
 1460      455F5448 
 1460      52455300 
 1461              	.LASF41:
 1462 0294 52414E47 		.ascii	"RANGE_INTR_SET\000"
 1462      455F494E 
 1462      54525F53 
 1462      455400
 1463              	.LASF88:
 1464 02a3 636F6E66 		.ascii	"configRouting\000"
 1464      6967526F 
 1464      7574696E 
 1464      6700
 1465              	.LASF54:
 1466 02b1 4D55585F 		.ascii	"MUX_SWITCH_CLEAR0\000"
 1466      53574954 
 1466      43485F43 
 1466      4C454152 
 1466      3000
 1467              	.LASF65:
 1468 02c3 666C6F61 		.ascii	"float\000"
 1468      7400
 1469              	.LASF99:
 1470 02c9 4144435F 		.ascii	"ADC_currentConfig\000"
 1470      63757272 
 1470      656E7443 
 1470      6F6E6669 
 1470      6700
 1471              	.LASF70:
 1472 02db 43595F53 		.ascii	"CY_SAR_RANGE_COND_BELOW\000"
 1472      41525F52 
 1472      414E4745 
 1472      5F434F4E 
 1472      445F4245 
 1473              	.LASF6:
ARM GAS  C:\Users\LIVEKE~1\AppData\Local\Temp\cc8sEGH9.s 			page 31


 1474 02f3 6C6F6E67 		.ascii	"long long int\000"
 1474      206C6F6E 
 1474      6720696E 
 1474      7400
 1475              	.LASF19:
 1476 0301 4348414E 		.ascii	"CHAN_EN\000"
 1476      5F454E00 
 1477              	.LASF50:
 1478 0309 53544154 		.ascii	"STATUS\000"
 1478      555300
 1479              	.LASF102:
 1480 0310 4144435F 		.ascii	"ADC_Start\000"
 1480      53746172 
 1480      7400
 1481              	.LASF4:
 1482 031a 6C6F6E67 		.ascii	"long int\000"
 1482      20696E74 
 1482      00
 1483              	.LASF75:
 1484 0323 6374726C 		.ascii	"ctrl\000"
 1484      00
 1485              	.LASF77:
 1486 0328 73616D70 		.ascii	"sampleTime01\000"
 1486      6C655469 
 1486      6D653031 
 1486      00
 1487              	.LASF60:
 1488 0335 414E415F 		.ascii	"ANA_TRIM0\000"
 1488      5452494D 
 1488      3000
 1489              	.LASF61:
 1490 033f 414E415F 		.ascii	"ANA_TRIM1\000"
 1490      5452494D 
 1490      3100
 1491              	.LASF30:
 1492 0349 4348414E 		.ascii	"CHAN_WORK_NEWVALUE\000"
 1492      5F574F52 
 1492      4B5F4E45 
 1492      5756414C 
 1492      554500
 1493              	.LASF22:
 1494 035c 4348414E 		.ascii	"CHAN_CONFIG\000"
 1494      5F434F4E 
 1494      46494700 
 1495              	.LASF110:
 1496 0368 5F5F656E 		.ascii	"__enable_irq\000"
 1496      61626C65 
 1496      5F697271 
 1496      00
 1497              	.LASF35:
 1498 0375 494E5452 		.ascii	"INTR_MASKED\000"
 1498      5F4D4153 
 1498      4B454400 
 1499              	.LASF63:
 1500 0381 6C6F6E67 		.ascii	"long double\000"
 1500      20646F75 
 1500      626C6500 
ARM GAS  C:\Users\LIVEKE~1\AppData\Local\Temp\cc8sEGH9.s 			page 32


 1501              	.LASF1:
 1502 038d 756E7369 		.ascii	"unsigned char\000"
 1502      676E6564 
 1502      20636861 
 1502      7200
 1503              	.LASF20:
 1504 039b 53544152 		.ascii	"START_CTRL\000"
 1504      545F4354 
 1504      524C00
 1505              	.LASF59:
 1506 03a6 52455345 		.ascii	"RESERVED10\000"
 1506      52564544 
 1506      313000
 1507              	.LASF18:
 1508 03b1 52414E47 		.ascii	"RANGE_COND\000"
 1508      455F434F 
 1508      4E4400
 1509              	.LASF12:
 1510 03bc 4354524C 		.ascii	"CTRL\000"
 1510      00
 1511              	.LASF44:
 1512 03c1 494E5452 		.ascii	"INTR_CAUSE\000"
 1512      5F434155 
 1512      534500
 1513              	.LASF2:
 1514 03cc 7369676E 		.ascii	"signed char\000"
 1514      65642063 
 1514      68617200 
 1515              	.LASF33:
 1516 03d8 494E5452 		.ascii	"INTR_SET\000"
 1516      5F534554 
 1516      00
 1517              	.LASF7:
 1518 03e1 6C6F6E67 		.ascii	"long long unsigned int\000"
 1518      206C6F6E 
 1518      6720756E 
 1518      7369676E 
 1518      65642069 
 1519              	.LASF10:
 1520 03f8 75696E74 		.ascii	"uint32_t\000"
 1520      33325F74 
 1520      00
 1521              	.LASF85:
 1522 0401 72616E67 		.ascii	"rangeIntrMask\000"
 1522      65496E74 
 1522      724D6173 
 1522      6B00
 1523              	.LASF87:
 1524 040f 6D757853 		.ascii	"muxSwitchSqCtrl\000"
 1524      77697463 
 1524      68537143 
 1524      74726C00 
 1525              	.LASF43:
 1526 041f 52414E47 		.ascii	"RANGE_INTR_MASKED\000"
 1526      455F494E 
 1526      54525F4D 
 1526      41534B45 
ARM GAS  C:\Users\LIVEKE~1\AppData\Local\Temp\cc8sEGH9.s 			page 33


 1526      4400
 1527              	.LASF3:
 1528 0431 73686F72 		.ascii	"short unsigned int\000"
 1528      7420756E 
 1528      7369676E 
 1528      65642069 
 1528      6E7400
 1529              	.LASF104:
 1530 0444 43795F53 		.ascii	"Cy_SAR_GetResult16\000"
 1530      41525F47 
 1530      65745265 
 1530      73756C74 
 1530      313600
 1531              	.LASF98:
 1532 0457 766F6C74 		.ascii	"volts\000"
 1532      7300
 1533              	.LASF94:
 1534 045d 6D697363 		.ascii	"miscConfig\000"
 1534      436F6E66 
 1534      696700
 1535              	.LASF57:
 1536 0468 4D55585F 		.ascii	"MUX_SWITCH_SQ_CTRL\000"
 1536      53574954 
 1536      43485F53 
 1536      515F4354 
 1536      524C00
 1537              	.LASF64:
 1538 047b 63686172 		.ascii	"char\000"
 1538      00
 1539              	.LASF86:
 1540 0480 6D757853 		.ascii	"muxSwitch\000"
 1540      77697463 
 1540      6800
 1541              	.LASF72:
 1542 048a 43595F53 		.ascii	"CY_SAR_RANGE_COND_ABOVE\000"
 1542      41525F52 
 1542      414E4745 
 1542      5F434F4E 
 1542      445F4142 
 1543              	.LASF37:
 1544 04a2 53415455 		.ascii	"SATURATE_INTR_SET\000"
 1544      52415445 
 1544      5F494E54 
 1544      525F5345 
 1544      5400
 1545              	.LASF38:
 1546 04b4 53415455 		.ascii	"SATURATE_INTR_MASK\000"
 1546      52415445 
 1546      5F494E54 
 1546      525F4D41 
 1546      534B00
 1547              	.LASF69:
 1548 04c7 43595F53 		.ascii	"CY_SAR_START_CONVERT_CONTINUOUS\000"
 1548      41525F53 
 1548      54415254 
 1548      5F434F4E 
 1548      56455254 
ARM GAS  C:\Users\LIVEKE~1\AppData\Local\Temp\cc8sEGH9.s 			page 34


 1549              	.LASF67:
 1550 04e7 5F426F6F 		.ascii	"_Bool\000"
 1550      6C00
 1551              	.LASF93:
 1552 04ed 6877436F 		.ascii	"hwConfigStc\000"
 1552      6E666967 
 1552      53746300 
 1553              	.LASF32:
 1554 04f9 494E5452 		.ascii	"INTR\000"
 1554      00
 1555              	.LASF28:
 1556 04fe 4348414E 		.ascii	"CHAN_WORK_UPDATED\000"
 1556      5F574F52 
 1556      4B5F5550 
 1556      44415445 
 1556      4400
 1557              	.LASF21:
 1558 0510 52455345 		.ascii	"RESERVED1\000"
 1558      52564544 
 1558      3100
 1559              	.LASF23:
 1560 051a 52455345 		.ascii	"RESERVED2\000"
 1560      52564544 
 1560      3200
 1561              	.LASF25:
 1562 0524 52455345 		.ascii	"RESERVED3\000"
 1562      52564544 
 1562      3300
 1563              	.LASF27:
 1564 052e 52455345 		.ascii	"RESERVED4\000"
 1564      52564544 
 1564      3400
 1565              	.LASF45:
 1566 0538 52455345 		.ascii	"RESERVED5\000"
 1566      52564544 
 1566      3500
 1567              	.LASF5:
 1568 0542 6C6F6E67 		.ascii	"long unsigned int\000"
 1568      20756E73 
 1568      69676E65 
 1568      6420696E 
 1568      7400
 1569              	.LASF49:
 1570 0554 52455345 		.ascii	"RESERVED7\000"
 1570      52564544 
 1570      3700
 1571              	.LASF48:
 1572 055e 494E4A5F 		.ascii	"INJ_RESULT\000"
 1572      52455355 
 1572      4C5400
 1573              	.LASF66:
 1574 0569 646F7562 		.ascii	"double\000"
 1574      6C6500
 1575              	.LASF103:
 1576 0570 43795F53 		.ascii	"Cy_SAR_StartConvert\000"
 1576      41525F53 
 1576      74617274 
ARM GAS  C:\Users\LIVEKE~1\AppData\Local\Temp\cc8sEGH9.s 			page 35


 1576      436F6E76 
 1576      65727400 
 1577              	.LASF62:
 1578 0584 5341525F 		.ascii	"SAR_Type\000"
 1578      54797065 
 1578      00
 1579              	.LASF53:
 1580 058d 4D55585F 		.ascii	"MUX_SWITCH0\000"
 1580      53574954 
 1580      43483000 
 1581              	.LASF58:
 1582 0599 4D55585F 		.ascii	"MUX_SWITCH_STATUS\000"
 1582      53574954 
 1582      43485F53 
 1582      54415455 
 1582      5300
 1583              	.LASF40:
 1584 05ab 52414E47 		.ascii	"RANGE_INTR\000"
 1584      455F494E 
 1584      545200
 1585              	.LASF71:
 1586 05b6 43595F53 		.ascii	"CY_SAR_RANGE_COND_INSIDE\000"
 1586      41525F52 
 1586      414E4745 
 1586      5F434F4E 
 1586      445F494E 
 1587              	.LASF82:
 1588 05cf 6368616E 		.ascii	"chanConfig\000"
 1588      436F6E66 
 1588      696700
 1589              	.LASF90:
 1590 05da 63795F73 		.ascii	"cy_stc_sar_config_t\000"
 1590      74635F73 
 1590      61725F63 
 1590      6F6E6669 
 1590      675F7400 
 1591              	.LASF81:
 1592 05ee 6368616E 		.ascii	"chanEn\000"
 1592      456E00
 1593              	.LASF92:
 1594 05f5 6E756D43 		.ascii	"numChannels\000"
 1594      68616E6E 
 1594      656C7300 
 1595              	.LASF36:
 1596 0601 53415455 		.ascii	"SATURATE_INTR\000"
 1596      52415445 
 1596      5F494E54 
 1596      5200
 1597              	.LASF14:
 1598 060f 52455345 		.ascii	"RESERVED\000"
 1598      52564544 
 1598      00
 1599              	.LASF13:
 1600 0618 53414D50 		.ascii	"SAMPLE_CTRL\000"
 1600      4C455F43 
 1600      54524C00 
 1601              	.LASF78:
ARM GAS  C:\Users\LIVEKE~1\AppData\Local\Temp\cc8sEGH9.s 			page 36


 1602 0624 73616D70 		.ascii	"sampleTime23\000"
 1602      6C655469 
 1602      6D653233 
 1602      00
 1603              	.LASF34:
 1604 0631 494E5452 		.ascii	"INTR_MASK\000"
 1604      5F4D4153 
 1604      4B00
 1605              	.LASF8:
 1606 063b 756E7369 		.ascii	"unsigned int\000"
 1606      676E6564 
 1606      20696E74 
 1606      00
 1607              	.LASF39:
 1608 0648 53415455 		.ascii	"SATURATE_INTR_MASKED\000"
 1608      52415445 
 1608      5F494E54 
 1608      525F4D41 
 1608      534B4544 
 1609              	.LASF51:
 1610 065d 4156475F 		.ascii	"AVG_STAT\000"
 1610      53544154 
 1610      00
 1611              	.LASF83:
 1612 0666 696E7472 		.ascii	"intrMask\000"
 1612      4D61736B 
 1612      00
 1613              	.LASF74:
 1614 066f 63795F65 		.ascii	"cy_en_sar_range_detect_condition_t\000"
 1614      6E5F7361 
 1614      725F7261 
 1614      6E67655F 
 1614      64657465 
 1615              		.ident	"GCC: (GNU Tools for ARM Embedded Processors) 5.4.1 20160609 (release) [ARM/embedded-5-bran
